2018-08-27 13:28:03.502  INFO 10152 --- [main] com.example.Application                  : Starting Application on WIN-PIJ0M0JTUTE with PID 10152 (E:\IDEAworkplace\springBoot\target\classes started by Administrator in E:\IDEAworkplace\springBoot)
2018-08-27 13:28:03.502  INFO 10152 --- [main] com.example.Application                  : No active profile set, falling back to default profiles: default
2018-08-27 13:28:03.534  INFO 10152 --- [main] ationConfigEmbeddedWebApplicationContext : Refreshing org.springframework.boot.context.embedded.AnnotationConfigEmbeddedWebApplicationContext@306279ee: startup date [Mon Aug 27 13:28:03 CST 2018]; root of context hierarchy
2018-08-27 13:28:04.268  INFO 10152 --- [main] s.b.c.e.t.TomcatEmbeddedServletContainer : Tomcat initialized with port(s): 8081 (http)
2018-08-27 13:28:04.283  INFO 10152 --- [main] o.apache.catalina.core.StandardService   : Starting service [Tomcat]
2018-08-27 13:28:04.283  INFO 10152 --- [main] org.apache.catalina.core.StandardEngine  : Starting Servlet Engine: Apache Tomcat/8.5.32
2018-08-27 13:28:04.330  INFO 10152 --- [localhost-startStop-1] o.a.c.c.C.[.[localhost].[/chapter]       : Initializing Spring embedded WebApplicationContext
2018-08-27 13:28:04.330  INFO 10152 --- [localhost-startStop-1] o.s.web.context.ContextLoader            : Root WebApplicationContext: initialization completed in 812 ms
2018-08-27 13:28:04.410  INFO 10152 --- [localhost-startStop-1] o.s.b.w.servlet.ServletRegistrationBean  : Mapping servlet: 'dispatcherServlet' to [/]
2018-08-27 13:28:04.410  INFO 10152 --- [localhost-startStop-1] o.s.b.w.servlet.FilterRegistrationBean   : Mapping filter: 'characterEncodingFilter' to: [/*]
2018-08-27 13:28:04.410  INFO 10152 --- [localhost-startStop-1] o.s.b.w.servlet.FilterRegistrationBean   : Mapping filter: 'hiddenHttpMethodFilter' to: [/*]
2018-08-27 13:28:04.410  INFO 10152 --- [localhost-startStop-1] o.s.b.w.servlet.FilterRegistrationBean   : Mapping filter: 'httpPutFormContentFilter' to: [/*]
2018-08-27 13:28:04.410  INFO 10152 --- [localhost-startStop-1] o.s.b.w.servlet.FilterRegistrationBean   : Mapping filter: 'requestContextFilter' to: [/*]
2018-08-27 13:28:04.613  INFO 10152 --- [main] s.w.s.m.m.a.RequestMappingHandlerAdapter : Looking for @ControllerAdvice: org.springframework.boot.context.embedded.AnnotationConfigEmbeddedWebApplicationContext@306279ee: startup date [Mon Aug 27 13:28:03 CST 2018]; root of context hierarchy
2018-08-27 13:28:04.644  INFO 10152 --- [main] s.w.s.m.m.a.RequestMappingHandlerMapping : Mapped "{[/getName],methods=[GET]}" onto public java.lang.String com.example.controller.hello.getName()
2018-08-27 13:28:04.644  INFO 10152 --- [main] s.w.s.m.m.a.RequestMappingHandlerMapping : Mapped "{[/getConfig],methods=[GET]}" onto public com.example.pojo.Config com.example.controller.hello.getConfig()
2018-08-27 13:28:04.644  INFO 10152 --- [main] s.w.s.m.m.a.RequestMappingHandlerMapping : Mapped "{[/demo],methods=[GET]}" onto public java.lang.String com.example.controller.hello.say()
2018-08-27 13:28:04.644  INFO 10152 --- [main] s.w.s.m.m.a.RequestMappingHandlerMapping : Mapped "{[/getcode],methods=[GET]}" onto public com.example.pojo.Code com.example.controller.hello.getCode()
2018-08-27 13:28:04.644  INFO 10152 --- [main] s.w.s.m.m.a.RequestMappingHandlerMapping : Mapped "{[/error]}" onto public org.springframework.http.ResponseEntity<java.util.Map<java.lang.String, java.lang.Object>> org.springframework.boot.autoconfigure.web.BasicErrorController.error(javax.servlet.http.HttpServletRequest)
2018-08-27 13:28:04.644  INFO 10152 --- [main] s.w.s.m.m.a.RequestMappingHandlerMapping : Mapped "{[/error],produces=[text/html]}" onto public org.springframework.web.servlet.ModelAndView org.springframework.boot.autoconfigure.web.BasicErrorController.errorHtml(javax.servlet.http.HttpServletRequest,javax.servlet.http.HttpServletResponse)
2018-08-27 13:28:04.660  INFO 10152 --- [main] o.s.w.s.handler.SimpleUrlHandlerMapping  : Mapped URL path [/webjars/**] onto handler of type [class org.springframework.web.servlet.resource.ResourceHttpRequestHandler]
2018-08-27 13:28:04.660  INFO 10152 --- [main] o.s.w.s.handler.SimpleUrlHandlerMapping  : Mapped URL path [/**] onto handler of type [class org.springframework.web.servlet.resource.ResourceHttpRequestHandler]
2018-08-27 13:28:04.675  INFO 10152 --- [main] o.s.w.s.handler.SimpleUrlHandlerMapping  : Mapped URL path [/**/favicon.ico] onto handler of type [class org.springframework.web.servlet.resource.ResourceHttpRequestHandler]
2018-08-27 13:28:04.738  INFO 10152 --- [main] o.s.j.e.a.AnnotationMBeanExporter        : Registering beans for JMX exposure on startup
2018-08-27 13:28:04.769  INFO 10152 --- [main] s.b.c.e.t.TomcatEmbeddedServletContainer : Tomcat started on port(s): 8081 (http)
2018-08-27 13:28:04.769  INFO 10152 --- [main] com.example.Application                  : Started Application in 1.516 seconds (JVM running for 1.774)
2018-08-27 13:28:18.158  INFO 10152 --- [http-nio-8081-exec-1] o.a.c.c.C.[.[localhost].[/chapter]       : Initializing Spring FrameworkServlet 'dispatcherServlet'
2018-08-27 13:28:18.158  INFO 10152 --- [http-nio-8081-exec-1] o.s.web.servlet.DispatcherServlet        : FrameworkServlet 'dispatcherServlet': initialization started
2018-08-27 13:28:18.167  INFO 10152 --- [http-nio-8081-exec-1] o.s.web.servlet.DispatcherServlet        : FrameworkServlet 'dispatcherServlet': initialization completed in 8 ms
2018-08-27 13:28:18.179  INFO 10152 --- [http-nio-8081-exec-1] com.example.controller.hello             : getcode111
2018-08-27 13:29:17.693  INFO 10152 --- [http-nio-8081-exec-2] com.example.controller.hello             : getcode111
2018-08-27 13:43:59.792  INFO 8188 --- [main] com.example.Application                  : Starting Application on WIN-PIJ0M0JTUTE with PID 8188 (E:\IDEAworkplace\springBoot\target\classes started by Administrator in E:\IDEAworkplace\springBoot)
2018-08-27 13:43:59.794  INFO 8188 --- [main] com.example.Application                  : The following profiles are active: dev
2018-08-27 13:43:59.823  INFO 8188 --- [main] ationConfigEmbeddedWebApplicationContext : Refreshing org.springframework.boot.context.embedded.AnnotationConfigEmbeddedWebApplicationContext@7e9a5fbe: startup date [Mon Aug 27 13:43:59 CST 2018]; root of context hierarchy
2018-08-27 13:44:00.556  INFO 8188 --- [main] s.b.c.e.t.TomcatEmbeddedServletContainer : Tomcat initialized with port(s): 8081 (http)
2018-08-27 13:44:00.569  INFO 8188 --- [main] o.apache.catalina.core.StandardService   : Starting service [Tomcat]
2018-08-27 13:44:00.570  INFO 8188 --- [main] org.apache.catalina.core.StandardEngine  : Starting Servlet Engine: Apache Tomcat/8.5.32
2018-08-27 13:44:00.630  INFO 8188 --- [localhost-startStop-1] o.a.c.c.C.[.[localhost].[/chapter]       : Initializing Spring embedded WebApplicationContext
2018-08-27 13:44:00.630  INFO 8188 --- [localhost-startStop-1] o.s.web.context.ContextLoader            : Root WebApplicationContext: initialization completed in 809 ms
2018-08-27 13:44:00.704  INFO 8188 --- [localhost-startStop-1] o.s.b.w.servlet.ServletRegistrationBean  : Mapping servlet: 'dispatcherServlet' to [/]
2018-08-27 13:44:00.707  INFO 8188 --- [localhost-startStop-1] o.s.b.w.servlet.FilterRegistrationBean   : Mapping filter: 'characterEncodingFilter' to: [/*]
2018-08-27 13:44:00.707  INFO 8188 --- [localhost-startStop-1] o.s.b.w.servlet.FilterRegistrationBean   : Mapping filter: 'hiddenHttpMethodFilter' to: [/*]
2018-08-27 13:44:00.707  INFO 8188 --- [localhost-startStop-1] o.s.b.w.servlet.FilterRegistrationBean   : Mapping filter: 'httpPutFormContentFilter' to: [/*]
2018-08-27 13:44:00.707  INFO 8188 --- [localhost-startStop-1] o.s.b.w.servlet.FilterRegistrationBean   : Mapping filter: 'requestContextFilter' to: [/*]
2018-08-27 13:44:00.907  INFO 8188 --- [main] s.w.s.m.m.a.RequestMappingHandlerAdapter : Looking for @ControllerAdvice: org.springframework.boot.context.embedded.AnnotationConfigEmbeddedWebApplicationContext@7e9a5fbe: startup date [Mon Aug 27 13:43:59 CST 2018]; root of context hierarchy
2018-08-27 13:44:00.937  INFO 8188 --- [main] s.w.s.m.m.a.RequestMappingHandlerMapping : Mapped "{[/getName],methods=[GET]}" onto public java.lang.String com.example.controller.hello.getName()
2018-08-27 13:44:00.938  INFO 8188 --- [main] s.w.s.m.m.a.RequestMappingHandlerMapping : Mapped "{[/getConfig],methods=[GET]}" onto public com.example.pojo.Config com.example.controller.hello.getConfig()
2018-08-27 13:44:00.938  INFO 8188 --- [main] s.w.s.m.m.a.RequestMappingHandlerMapping : Mapped "{[/demo],methods=[GET]}" onto public java.lang.String com.example.controller.hello.say()
2018-08-27 13:44:00.938  INFO 8188 --- [main] s.w.s.m.m.a.RequestMappingHandlerMapping : Mapped "{[/getcode],methods=[GET]}" onto public com.example.pojo.Code com.example.controller.hello.getCode()
2018-08-27 13:44:00.940  INFO 8188 --- [main] s.w.s.m.m.a.RequestMappingHandlerMapping : Mapped "{[/error]}" onto public org.springframework.http.ResponseEntity<java.util.Map<java.lang.String, java.lang.Object>> org.springframework.boot.autoconfigure.web.BasicErrorController.error(javax.servlet.http.HttpServletRequest)
2018-08-27 13:44:00.940  INFO 8188 --- [main] s.w.s.m.m.a.RequestMappingHandlerMapping : Mapped "{[/error],produces=[text/html]}" onto public org.springframework.web.servlet.ModelAndView org.springframework.boot.autoconfigure.web.BasicErrorController.errorHtml(javax.servlet.http.HttpServletRequest,javax.servlet.http.HttpServletResponse)
2018-08-27 13:44:00.954  INFO 8188 --- [main] o.s.w.s.handler.SimpleUrlHandlerMapping  : Mapped URL path [/webjars/**] onto handler of type [class org.springframework.web.servlet.resource.ResourceHttpRequestHandler]
2018-08-27 13:44:00.954  INFO 8188 --- [main] o.s.w.s.handler.SimpleUrlHandlerMapping  : Mapped URL path [/**] onto handler of type [class org.springframework.web.servlet.resource.ResourceHttpRequestHandler]
2018-08-27 13:44:00.973  INFO 8188 --- [main] o.s.w.s.handler.SimpleUrlHandlerMapping  : Mapped URL path [/**/favicon.ico] onto handler of type [class org.springframework.web.servlet.resource.ResourceHttpRequestHandler]
2018-08-27 13:44:01.048  INFO 8188 --- [main] o.s.j.e.a.AnnotationMBeanExporter        : Registering beans for JMX exposure on startup
2018-08-27 13:44:01.070  INFO 8188 --- [main] s.b.c.e.t.TomcatEmbeddedServletContainer : Tomcat started on port(s): 8081 (http)
2018-08-27 13:44:01.073  INFO 8188 --- [main] com.example.Application                  : Started Application in 1.465 seconds (JVM running for 1.705)
2018-08-27 13:44:16.098  INFO 8188 --- [http-nio-8081-exec-1] o.a.c.c.C.[.[localhost].[/chapter]       : Initializing Spring FrameworkServlet 'dispatcherServlet'
2018-08-27 13:44:16.098  INFO 8188 --- [http-nio-8081-exec-1] o.s.web.servlet.DispatcherServlet        : FrameworkServlet 'dispatcherServlet': initialization started
2018-08-27 13:44:16.108  INFO 8188 --- [http-nio-8081-exec-1] o.s.web.servlet.DispatcherServlet        : FrameworkServlet 'dispatcherServlet': initialization completed in 10 ms
2018-08-27 13:44:16.121  INFO 8188 --- [http-nio-8081-exec-1] com.example.controller.hello             : getcode111
2018-08-27 13:51:13.065  INFO 11352 --- [main] com.example.Application                  : Starting Application on WIN-PIJ0M0JTUTE with PID 11352 (E:\IDEAworkplace\springBoot\target\classes started by Administrator in E:\IDEAworkplace\springBoot)
2018-08-27 13:51:13.066  INFO 11352 --- [main] com.example.Application                  : The following profiles are active: dev
2018-08-27 13:51:13.097  INFO 11352 --- [main] ationConfigEmbeddedWebApplicationContext : Refreshing org.springframework.boot.context.embedded.AnnotationConfigEmbeddedWebApplicationContext@7e9a5fbe: startup date [Mon Aug 27 13:51:13 CST 2018]; root of context hierarchy
2018-08-27 13:51:13.867  INFO 11352 --- [main] s.b.c.e.t.TomcatEmbeddedServletContainer : Tomcat initialized with port(s): 8081 (http)
2018-08-27 13:51:13.880  INFO 11352 --- [main] o.apache.catalina.core.StandardService   : Starting service [Tomcat]
2018-08-27 13:51:13.881  INFO 11352 --- [main] org.apache.catalina.core.StandardEngine  : Starting Servlet Engine: Apache Tomcat/8.5.32
2018-08-27 13:51:13.943  INFO 11352 --- [localhost-startStop-1] o.a.c.c.C.[.[localhost].[/chapter]       : Initializing Spring embedded WebApplicationContext
2018-08-27 13:51:13.943  INFO 11352 --- [localhost-startStop-1] o.s.web.context.ContextLoader            : Root WebApplicationContext: initialization completed in 847 ms
2018-08-27 13:51:14.019  INFO 11352 --- [localhost-startStop-1] o.s.b.w.servlet.ServletRegistrationBean  : Mapping servlet: 'dispatcherServlet' to [/]
2018-08-27 13:51:14.021  INFO 11352 --- [localhost-startStop-1] o.s.b.w.servlet.FilterRegistrationBean   : Mapping filter: 'characterEncodingFilter' to: [/*]
2018-08-27 13:51:14.022  INFO 11352 --- [localhost-startStop-1] o.s.b.w.servlet.FilterRegistrationBean   : Mapping filter: 'hiddenHttpMethodFilter' to: [/*]
2018-08-27 13:51:14.022  INFO 11352 --- [localhost-startStop-1] o.s.b.w.servlet.FilterRegistrationBean   : Mapping filter: 'httpPutFormContentFilter' to: [/*]
2018-08-27 13:51:14.022  INFO 11352 --- [localhost-startStop-1] o.s.b.w.servlet.FilterRegistrationBean   : Mapping filter: 'requestContextFilter' to: [/*]
2018-08-27 13:51:14.216  INFO 11352 --- [main] s.w.s.m.m.a.RequestMappingHandlerAdapter : Looking for @ControllerAdvice: org.springframework.boot.context.embedded.AnnotationConfigEmbeddedWebApplicationContext@7e9a5fbe: startup date [Mon Aug 27 13:51:13 CST 2018]; root of context hierarchy
2018-08-27 13:51:14.246  INFO 11352 --- [main] s.w.s.m.m.a.RequestMappingHandlerMapping : Mapped "{[/getName],methods=[GET]}" onto public java.lang.String com.example.controller.hello.getName()
2018-08-27 13:51:14.246  INFO 11352 --- [main] s.w.s.m.m.a.RequestMappingHandlerMapping : Mapped "{[/getConfig],methods=[GET]}" onto public com.example.pojo.Config com.example.controller.hello.getConfig()
2018-08-27 13:51:14.246  INFO 11352 --- [main] s.w.s.m.m.a.RequestMappingHandlerMapping : Mapped "{[/getcode],methods=[GET]}" onto public com.example.pojo.Code com.example.controller.hello.getCode()
2018-08-27 13:51:14.247  INFO 11352 --- [main] s.w.s.m.m.a.RequestMappingHandlerMapping : Mapped "{[/demo],methods=[GET]}" onto public java.lang.String com.example.controller.hello.say()
2018-08-27 13:51:14.249  INFO 11352 --- [main] s.w.s.m.m.a.RequestMappingHandlerMapping : Mapped "{[/error]}" onto public org.springframework.http.ResponseEntity<java.util.Map<java.lang.String, java.lang.Object>> org.springframework.boot.autoconfigure.web.BasicErrorController.error(javax.servlet.http.HttpServletRequest)
2018-08-27 13:51:14.250  INFO 11352 --- [main] s.w.s.m.m.a.RequestMappingHandlerMapping : Mapped "{[/error],produces=[text/html]}" onto public org.springframework.web.servlet.ModelAndView org.springframework.boot.autoconfigure.web.BasicErrorController.errorHtml(javax.servlet.http.HttpServletRequest,javax.servlet.http.HttpServletResponse)
2018-08-27 13:51:14.264  INFO 11352 --- [main] o.s.w.s.handler.SimpleUrlHandlerMapping  : Mapped URL path [/webjars/**] onto handler of type [class org.springframework.web.servlet.resource.ResourceHttpRequestHandler]
2018-08-27 13:51:14.264  INFO 11352 --- [main] o.s.w.s.handler.SimpleUrlHandlerMapping  : Mapped URL path [/**] onto handler of type [class org.springframework.web.servlet.resource.ResourceHttpRequestHandler]
2018-08-27 13:51:14.282  INFO 11352 --- [main] o.s.w.s.handler.SimpleUrlHandlerMapping  : Mapped URL path [/**/favicon.ico] onto handler of type [class org.springframework.web.servlet.resource.ResourceHttpRequestHandler]
2018-08-27 13:51:14.351  INFO 11352 --- [main] o.s.j.e.a.AnnotationMBeanExporter        : Registering beans for JMX exposure on startup
2018-08-27 13:51:14.373  INFO 11352 --- [main] s.b.c.e.t.TomcatEmbeddedServletContainer : Tomcat started on port(s): 8081 (http)
2018-08-27 13:51:14.376  INFO 11352 --- [main] com.example.Application                  : Started Application in 1.498 seconds (JVM running for 1.737)
2018-08-27 13:51:18.521  INFO 11352 --- [http-nio-8081-exec-1] o.a.c.c.C.[.[localhost].[/chapter]       : Initializing Spring FrameworkServlet 'dispatcherServlet'
2018-08-27 13:51:18.522  INFO 11352 --- [http-nio-8081-exec-1] o.s.web.servlet.DispatcherServlet        : FrameworkServlet 'dispatcherServlet': initialization started
2018-08-27 13:51:18.534  INFO 11352 --- [http-nio-8081-exec-1] o.s.web.servlet.DispatcherServlet        : FrameworkServlet 'dispatcherServlet': initialization completed in 11 ms
2018-08-27 13:52:50.249  INFO 10320 --- [main] com.example.Application                  : Starting Application on WIN-PIJ0M0JTUTE with PID 10320 (E:\IDEAworkplace\springBoot\target\classes started by Administrator in E:\IDEAworkplace\springBoot)
2018-08-27 13:52:50.251  INFO 10320 --- [main] com.example.Application                  : The following profiles are active: test
2018-08-27 13:52:50.279  INFO 10320 --- [main] ationConfigEmbeddedWebApplicationContext : Refreshing org.springframework.boot.context.embedded.AnnotationConfigEmbeddedWebApplicationContext@7e9a5fbe: startup date [Mon Aug 27 13:52:50 CST 2018]; root of context hierarchy
2018-08-27 13:52:51.012  INFO 10320 --- [main] s.b.c.e.t.TomcatEmbeddedServletContainer : Tomcat initialized with port(s): 8081 (http)
2018-08-27 13:52:51.025  INFO 10320 --- [main] o.apache.catalina.core.StandardService   : Starting service [Tomcat]
2018-08-27 13:52:51.026  INFO 10320 --- [main] org.apache.catalina.core.StandardEngine  : Starting Servlet Engine: Apache Tomcat/8.5.32
2018-08-27 13:52:51.086  INFO 10320 --- [localhost-startStop-1] o.a.c.c.C.[.[localhost].[/chapter]       : Initializing Spring embedded WebApplicationContext
2018-08-27 13:52:51.086  INFO 10320 --- [localhost-startStop-1] o.s.web.context.ContextLoader            : Root WebApplicationContext: initialization completed in 809 ms
2018-08-27 13:52:51.165  INFO 10320 --- [localhost-startStop-1] o.s.b.w.servlet.ServletRegistrationBean  : Mapping servlet: 'dispatcherServlet' to [/]
2018-08-27 13:52:51.167  INFO 10320 --- [localhost-startStop-1] o.s.b.w.servlet.FilterRegistrationBean   : Mapping filter: 'characterEncodingFilter' to: [/*]
2018-08-27 13:52:51.168  INFO 10320 --- [localhost-startStop-1] o.s.b.w.servlet.FilterRegistrationBean   : Mapping filter: 'hiddenHttpMethodFilter' to: [/*]
2018-08-27 13:52:51.168  INFO 10320 --- [localhost-startStop-1] o.s.b.w.servlet.FilterRegistrationBean   : Mapping filter: 'httpPutFormContentFilter' to: [/*]
2018-08-27 13:52:51.168  INFO 10320 --- [localhost-startStop-1] o.s.b.w.servlet.FilterRegistrationBean   : Mapping filter: 'requestContextFilter' to: [/*]
2018-08-27 13:52:51.368  INFO 10320 --- [main] s.w.s.m.m.a.RequestMappingHandlerAdapter : Looking for @ControllerAdvice: org.springframework.boot.context.embedded.AnnotationConfigEmbeddedWebApplicationContext@7e9a5fbe: startup date [Mon Aug 27 13:52:50 CST 2018]; root of context hierarchy
2018-08-27 13:52:51.399  INFO 10320 --- [main] s.w.s.m.m.a.RequestMappingHandlerMapping : Mapped "{[/getName],methods=[GET]}" onto public java.lang.String com.example.controller.hello.getName()
2018-08-27 13:52:51.400  INFO 10320 --- [main] s.w.s.m.m.a.RequestMappingHandlerMapping : Mapped "{[/getConfig],methods=[GET]}" onto public com.example.pojo.Config com.example.controller.hello.getConfig()
2018-08-27 13:52:51.400  INFO 10320 --- [main] s.w.s.m.m.a.RequestMappingHandlerMapping : Mapped "{[/demo],methods=[GET]}" onto public java.lang.String com.example.controller.hello.say()
2018-08-27 13:52:51.400  INFO 10320 --- [main] s.w.s.m.m.a.RequestMappingHandlerMapping : Mapped "{[/getcode],methods=[GET]}" onto public com.example.pojo.Code com.example.controller.hello.getCode()
2018-08-27 13:52:51.403  INFO 10320 --- [main] s.w.s.m.m.a.RequestMappingHandlerMapping : Mapped "{[/error]}" onto public org.springframework.http.ResponseEntity<java.util.Map<java.lang.String, java.lang.Object>> org.springframework.boot.autoconfigure.web.BasicErrorController.error(javax.servlet.http.HttpServletRequest)
2018-08-27 13:52:51.403  INFO 10320 --- [main] s.w.s.m.m.a.RequestMappingHandlerMapping : Mapped "{[/error],produces=[text/html]}" onto public org.springframework.web.servlet.ModelAndView org.springframework.boot.autoconfigure.web.BasicErrorController.errorHtml(javax.servlet.http.HttpServletRequest,javax.servlet.http.HttpServletResponse)
2018-08-27 13:52:51.418  INFO 10320 --- [main] o.s.w.s.handler.SimpleUrlHandlerMapping  : Mapped URL path [/webjars/**] onto handler of type [class org.springframework.web.servlet.resource.ResourceHttpRequestHandler]
2018-08-27 13:52:51.418  INFO 10320 --- [main] o.s.w.s.handler.SimpleUrlHandlerMapping  : Mapped URL path [/**] onto handler of type [class org.springframework.web.servlet.resource.ResourceHttpRequestHandler]
2018-08-27 13:52:51.437  INFO 10320 --- [main] o.s.w.s.handler.SimpleUrlHandlerMapping  : Mapped URL path [/**/favicon.ico] onto handler of type [class org.springframework.web.servlet.resource.ResourceHttpRequestHandler]
2018-08-27 13:52:51.507  INFO 10320 --- [main] o.s.j.e.a.AnnotationMBeanExporter        : Registering beans for JMX exposure on startup
2018-08-27 13:52:51.530  INFO 10320 --- [main] s.b.c.e.t.TomcatEmbeddedServletContainer : Tomcat started on port(s): 8081 (http)
2018-08-27 13:52:51.533  INFO 10320 --- [main] com.example.Application                  : Started Application in 1.456 seconds (JVM running for 1.69)
2018-08-27 13:53:17.302  INFO 10320 --- [http-nio-8081-exec-1] o.a.c.c.C.[.[localhost].[/chapter]       : Initializing Spring FrameworkServlet 'dispatcherServlet'
2018-08-27 13:53:17.302  INFO 10320 --- [http-nio-8081-exec-1] o.s.web.servlet.DispatcherServlet        : FrameworkServlet 'dispatcherServlet': initialization started
2018-08-27 13:53:17.313  INFO 10320 --- [http-nio-8081-exec-1] o.s.web.servlet.DispatcherServlet        : FrameworkServlet 'dispatcherServlet': initialization completed in 10 ms
2018-08-27 13:54:53.093  INFO 12200 --- [main] com.example.Application                  : Starting Application on WIN-PIJ0M0JTUTE with PID 12200 (E:\IDEAworkplace\springBoot\target\classes started by Administrator in E:\IDEAworkplace\springBoot)
2018-08-27 13:54:53.095  INFO 12200 --- [main] com.example.Application                  : The following profiles are active: test
2018-08-27 13:54:53.123  INFO 12200 --- [main] ationConfigEmbeddedWebApplicationContext : Refreshing org.springframework.boot.context.embedded.AnnotationConfigEmbeddedWebApplicationContext@7e9a5fbe: startup date [Mon Aug 27 13:54:53 CST 2018]; root of context hierarchy
2018-08-27 13:54:53.943  INFO 12200 --- [main] s.b.c.e.t.TomcatEmbeddedServletContainer : Tomcat initialized with port(s): 8081 (http)
2018-08-27 13:54:53.956  INFO 12200 --- [main] o.apache.catalina.core.StandardService   : Starting service [Tomcat]
2018-08-27 13:54:53.956  INFO 12200 --- [main] org.apache.catalina.core.StandardEngine  : Starting Servlet Engine: Apache Tomcat/8.5.32
2018-08-27 13:54:54.016  INFO 12200 --- [localhost-startStop-1] o.a.c.c.C.[.[localhost].[/chapter]       : Initializing Spring embedded WebApplicationContext
2018-08-27 13:54:54.016  INFO 12200 --- [localhost-startStop-1] o.s.web.context.ContextLoader            : Root WebApplicationContext: initialization completed in 895 ms
2018-08-27 13:54:54.093  INFO 12200 --- [localhost-startStop-1] o.s.b.w.servlet.ServletRegistrationBean  : Mapping servlet: 'dispatcherServlet' to [/]
2018-08-27 13:54:54.095  INFO 12200 --- [localhost-startStop-1] o.s.b.w.servlet.FilterRegistrationBean   : Mapping filter: 'characterEncodingFilter' to: [/*]
2018-08-27 13:54:54.096  INFO 12200 --- [localhost-startStop-1] o.s.b.w.servlet.FilterRegistrationBean   : Mapping filter: 'hiddenHttpMethodFilter' to: [/*]
2018-08-27 13:54:54.096  INFO 12200 --- [localhost-startStop-1] o.s.b.w.servlet.FilterRegistrationBean   : Mapping filter: 'httpPutFormContentFilter' to: [/*]
2018-08-27 13:54:54.096  INFO 12200 --- [localhost-startStop-1] o.s.b.w.servlet.FilterRegistrationBean   : Mapping filter: 'requestContextFilter' to: [/*]
2018-08-27 13:54:54.294  INFO 12200 --- [main] s.w.s.m.m.a.RequestMappingHandlerAdapter : Looking for @ControllerAdvice: org.springframework.boot.context.embedded.AnnotationConfigEmbeddedWebApplicationContext@7e9a5fbe: startup date [Mon Aug 27 13:54:53 CST 2018]; root of context hierarchy
2018-08-27 13:54:54.327  INFO 12200 --- [main] s.w.s.m.m.a.RequestMappingHandlerMapping : Mapped "{[/getName],methods=[GET]}" onto public java.lang.String com.example.controller.hello.getName()
2018-08-27 13:54:54.328  INFO 12200 --- [main] s.w.s.m.m.a.RequestMappingHandlerMapping : Mapped "{[/getConfig],methods=[GET]}" onto public com.example.pojo.Config com.example.controller.hello.getConfig()
2018-08-27 13:54:54.328  INFO 12200 --- [main] s.w.s.m.m.a.RequestMappingHandlerMapping : Mapped "{[/demo],methods=[GET]}" onto public java.lang.String com.example.controller.hello.say()
2018-08-27 13:54:54.328  INFO 12200 --- [main] s.w.s.m.m.a.RequestMappingHandlerMapping : Mapped "{[/getcode],methods=[GET]}" onto public com.example.pojo.Code com.example.controller.hello.getCode()
2018-08-27 13:54:54.331  INFO 12200 --- [main] s.w.s.m.m.a.RequestMappingHandlerMapping : Mapped "{[/error]}" onto public org.springframework.http.ResponseEntity<java.util.Map<java.lang.String, java.lang.Object>> org.springframework.boot.autoconfigure.web.BasicErrorController.error(javax.servlet.http.HttpServletRequest)
2018-08-27 13:54:54.331  INFO 12200 --- [main] s.w.s.m.m.a.RequestMappingHandlerMapping : Mapped "{[/error],produces=[text/html]}" onto public org.springframework.web.servlet.ModelAndView org.springframework.boot.autoconfigure.web.BasicErrorController.errorHtml(javax.servlet.http.HttpServletRequest,javax.servlet.http.HttpServletResponse)
2018-08-27 13:54:54.345  INFO 12200 --- [main] o.s.w.s.handler.SimpleUrlHandlerMapping  : Mapped URL path [/webjars/**] onto handler of type [class org.springframework.web.servlet.resource.ResourceHttpRequestHandler]
2018-08-27 13:54:54.346  INFO 12200 --- [main] o.s.w.s.handler.SimpleUrlHandlerMapping  : Mapped URL path [/**] onto handler of type [class org.springframework.web.servlet.resource.ResourceHttpRequestHandler]
2018-08-27 13:54:54.364  INFO 12200 --- [main] o.s.w.s.handler.SimpleUrlHandlerMapping  : Mapped URL path [/**/favicon.ico] onto handler of type [class org.springframework.web.servlet.resource.ResourceHttpRequestHandler]
2018-08-27 13:54:54.433  INFO 12200 --- [main] o.s.j.e.a.AnnotationMBeanExporter        : Registering beans for JMX exposure on startup
2018-08-27 13:54:54.455  INFO 12200 --- [main] s.b.c.e.t.TomcatEmbeddedServletContainer : Tomcat started on port(s): 8081 (http)
2018-08-27 13:54:54.458  INFO 12200 --- [main] com.example.Application                  : Started Application in 1.568 seconds (JVM running for 1.839)
2018-08-27 13:55:30.611  INFO 12200 --- [http-nio-8081-exec-1] o.a.c.c.C.[.[localhost].[/chapter]       : Initializing Spring FrameworkServlet 'dispatcherServlet'
2018-08-27 13:55:30.611  INFO 12200 --- [http-nio-8081-exec-1] o.s.web.servlet.DispatcherServlet        : FrameworkServlet 'dispatcherServlet': initialization started
2018-08-27 13:55:30.622  INFO 12200 --- [http-nio-8081-exec-1] o.s.web.servlet.DispatcherServlet        : FrameworkServlet 'dispatcherServlet': initialization completed in 10 ms
2018-08-27 13:55:34.828  INFO 12200 --- [http-nio-8081-exec-2] com.example.controller.hello             : getcode111
2018-08-27 16:49:21.806  INFO 11880 --- [main] com.example.Application                  : Starting Application on WIN-PIJ0M0JTUTE with PID 11880 (E:\IDEAworkplace\springBoot\target\classes started by Administrator in E:\IDEAworkplace\springBoot)
2018-08-27 16:49:21.809  INFO 11880 --- [main] com.example.Application                  : The following profiles are active: test
2018-08-27 16:49:21.841  INFO 11880 --- [main] ationConfigEmbeddedWebApplicationContext : Refreshing org.springframework.boot.context.embedded.AnnotationConfigEmbeddedWebApplicationContext@7e9a5fbe: startup date [Mon Aug 27 16:49:21 CST 2018]; root of context hierarchy
2018-08-27 16:49:22.551  INFO 11880 --- [main] s.b.c.e.t.TomcatEmbeddedServletContainer : Tomcat initialized with port(s): 8081 (http)
2018-08-27 16:49:22.565  INFO 11880 --- [main] o.apache.catalina.core.StandardService   : Starting service [Tomcat]
2018-08-27 16:49:22.565  INFO 11880 --- [main] org.apache.catalina.core.StandardEngine  : Starting Servlet Engine: Apache Tomcat/8.5.32
2018-08-27 16:49:22.629  INFO 11880 --- [localhost-startStop-1] o.a.c.c.C.[.[localhost].[/chapter]       : Initializing Spring embedded WebApplicationContext
2018-08-27 16:49:22.629  INFO 11880 --- [localhost-startStop-1] o.s.web.context.ContextLoader            : Root WebApplicationContext: initialization completed in 790 ms
2018-08-27 16:49:22.710  INFO 11880 --- [localhost-startStop-1] o.s.b.w.servlet.ServletRegistrationBean  : Mapping servlet: 'dispatcherServlet' to [/]
2018-08-27 16:49:22.713  INFO 11880 --- [localhost-startStop-1] o.s.b.w.servlet.FilterRegistrationBean   : Mapping filter: 'characterEncodingFilter' to: [/*]
2018-08-27 16:49:22.713  INFO 11880 --- [localhost-startStop-1] o.s.b.w.servlet.FilterRegistrationBean   : Mapping filter: 'hiddenHttpMethodFilter' to: [/*]
2018-08-27 16:49:22.713  INFO 11880 --- [localhost-startStop-1] o.s.b.w.servlet.FilterRegistrationBean   : Mapping filter: 'httpPutFormContentFilter' to: [/*]
2018-08-27 16:49:22.713  INFO 11880 --- [localhost-startStop-1] o.s.b.w.servlet.FilterRegistrationBean   : Mapping filter: 'requestContextFilter' to: [/*]
2018-08-27 16:49:22.914  INFO 11880 --- [main] s.w.s.m.m.a.RequestMappingHandlerAdapter : Looking for @ControllerAdvice: org.springframework.boot.context.embedded.AnnotationConfigEmbeddedWebApplicationContext@7e9a5fbe: startup date [Mon Aug 27 16:49:21 CST 2018]; root of context hierarchy
2018-08-27 16:49:22.945  INFO 11880 --- [main] s.w.s.m.m.a.RequestMappingHandlerMapping : Mapped "{[/getName],methods=[GET]}" onto public java.lang.String com.example.controller.hello.getName()
2018-08-27 16:49:22.945  INFO 11880 --- [main] s.w.s.m.m.a.RequestMappingHandlerMapping : Mapped "{[/getConfig],methods=[GET]}" onto public com.example.pojo.Config com.example.controller.hello.getConfig()
2018-08-27 16:49:22.946  INFO 11880 --- [main] s.w.s.m.m.a.RequestMappingHandlerMapping : Mapped "{[/demo],methods=[GET]}" onto public java.lang.String com.example.controller.hello.say()
2018-08-27 16:49:22.946  INFO 11880 --- [main] s.w.s.m.m.a.RequestMappingHandlerMapping : Mapped "{[/getcode],methods=[GET]}" onto public com.example.pojo.Code com.example.controller.hello.getCode()
2018-08-27 16:49:22.948  INFO 11880 --- [main] s.w.s.m.m.a.RequestMappingHandlerMapping : Mapped "{[/error]}" onto public org.springframework.http.ResponseEntity<java.util.Map<java.lang.String, java.lang.Object>> org.springframework.boot.autoconfigure.web.BasicErrorController.error(javax.servlet.http.HttpServletRequest)
2018-08-27 16:49:22.949  INFO 11880 --- [main] s.w.s.m.m.a.RequestMappingHandlerMapping : Mapped "{[/error],produces=[text/html]}" onto public org.springframework.web.servlet.ModelAndView org.springframework.boot.autoconfigure.web.BasicErrorController.errorHtml(javax.servlet.http.HttpServletRequest,javax.servlet.http.HttpServletResponse)
2018-08-27 16:49:22.962  INFO 11880 --- [main] o.s.w.s.handler.SimpleUrlHandlerMapping  : Mapped URL path [/webjars/**] onto handler of type [class org.springframework.web.servlet.resource.ResourceHttpRequestHandler]
2018-08-27 16:49:22.963  INFO 11880 --- [main] o.s.w.s.handler.SimpleUrlHandlerMapping  : Mapped URL path [/**] onto handler of type [class org.springframework.web.servlet.resource.ResourceHttpRequestHandler]
2018-08-27 16:49:22.981  INFO 11880 --- [main] o.s.w.s.handler.SimpleUrlHandlerMapping  : Mapped URL path [/**/favicon.ico] onto handler of type [class org.springframework.web.servlet.resource.ResourceHttpRequestHandler]
2018-08-27 16:49:23.049  INFO 11880 --- [main] o.s.j.e.a.AnnotationMBeanExporter        : Registering beans for JMX exposure on startup
2018-08-27 16:49:23.072  INFO 11880 --- [main] s.b.c.e.t.TomcatEmbeddedServletContainer : Tomcat started on port(s): 8081 (http)
2018-08-27 16:49:23.074  INFO 11880 --- [main] com.example.Application                  : Started Application in 1.461 seconds (JVM running for 1.703)
2018-08-27 16:49:57.511  INFO 11880 --- [http-nio-8081-exec-1] o.a.c.c.C.[.[localhost].[/chapter]       : Initializing Spring FrameworkServlet 'dispatcherServlet'
2018-08-27 16:49:57.511  INFO 11880 --- [http-nio-8081-exec-1] o.s.web.servlet.DispatcherServlet        : FrameworkServlet 'dispatcherServlet': initialization started
2018-08-27 16:49:57.534  INFO 11880 --- [http-nio-8081-exec-1] o.s.web.servlet.DispatcherServlet        : FrameworkServlet 'dispatcherServlet': initialization completed in 22 ms
2018-08-27 16:49:57.553  INFO 11880 --- [http-nio-8081-exec-1] com.example.controller.hello             : getcode111
2018-08-27 16:51:14.732  INFO 11232 --- [main] com.example.Application                  : Starting Application on WIN-PIJ0M0JTUTE with PID 11232 (E:\IDEAworkplace\springBoot\target\classes started by Administrator in E:\IDEAworkplace\springBoot)
2018-08-27 16:51:14.734  INFO 11232 --- [main] com.example.Application                  : The following profiles are active: test
2018-08-27 16:51:14.766  INFO 11232 --- [main] ationConfigEmbeddedWebApplicationContext : Refreshing org.springframework.boot.context.embedded.AnnotationConfigEmbeddedWebApplicationContext@7e9a5fbe: startup date [Mon Aug 27 16:51:14 CST 2018]; root of context hierarchy
2018-08-27 16:51:15.484  INFO 11232 --- [main] s.b.c.e.t.TomcatEmbeddedServletContainer : Tomcat initialized with port(s): 8081 (http)
2018-08-27 16:51:15.496  INFO 11232 --- [main] o.apache.catalina.core.StandardService   : Starting service [Tomcat]
2018-08-27 16:51:15.497  INFO 11232 --- [main] org.apache.catalina.core.StandardEngine  : Starting Servlet Engine: Apache Tomcat/8.5.32
2018-08-27 16:51:15.556  INFO 11232 --- [localhost-startStop-1] o.a.c.c.C.[.[localhost].[/chapter]       : Initializing Spring embedded WebApplicationContext
2018-08-27 16:51:15.556  INFO 11232 --- [localhost-startStop-1] o.s.web.context.ContextLoader            : Root WebApplicationContext: initialization completed in 792 ms
2018-08-27 16:51:15.639  INFO 11232 --- [localhost-startStop-1] o.s.b.w.servlet.ServletRegistrationBean  : Mapping servlet: 'dispatcherServlet' to [/]
2018-08-27 16:51:15.642  INFO 11232 --- [localhost-startStop-1] o.s.b.w.servlet.FilterRegistrationBean   : Mapping filter: 'characterEncodingFilter' to: [/*]
2018-08-27 16:51:15.642  INFO 11232 --- [localhost-startStop-1] o.s.b.w.servlet.FilterRegistrationBean   : Mapping filter: 'hiddenHttpMethodFilter' to: [/*]
2018-08-27 16:51:15.642  INFO 11232 --- [localhost-startStop-1] o.s.b.w.servlet.FilterRegistrationBean   : Mapping filter: 'httpPutFormContentFilter' to: [/*]
2018-08-27 16:51:15.642  INFO 11232 --- [localhost-startStop-1] o.s.b.w.servlet.FilterRegistrationBean   : Mapping filter: 'requestContextFilter' to: [/*]
2018-08-27 16:51:15.642  INFO 11232 --- [localhost-startStop-1] o.s.b.w.servlet.FilterRegistrationBean   : Mapping filter: 'customFilter' to urls: [/*]
2018-08-27 16:51:15.651  INFO 11232 --- [localhost-startStop-1] com.example.filter.CustomFilter          : filter 初始化
2018-08-27 16:51:15.838  INFO 11232 --- [main] s.w.s.m.m.a.RequestMappingHandlerAdapter : Looking for @ControllerAdvice: org.springframework.boot.context.embedded.AnnotationConfigEmbeddedWebApplicationContext@7e9a5fbe: startup date [Mon Aug 27 16:51:14 CST 2018]; root of context hierarchy
2018-08-27 16:51:15.869  INFO 11232 --- [main] s.w.s.m.m.a.RequestMappingHandlerMapping : Mapped "{[/getName],methods=[GET]}" onto public java.lang.String com.example.controller.hello.getName()
2018-08-27 16:51:15.870  INFO 11232 --- [main] s.w.s.m.m.a.RequestMappingHandlerMapping : Mapped "{[/getConfig],methods=[GET]}" onto public com.example.pojo.Config com.example.controller.hello.getConfig()
2018-08-27 16:51:15.870  INFO 11232 --- [main] s.w.s.m.m.a.RequestMappingHandlerMapping : Mapped "{[/demo],methods=[GET]}" onto public java.lang.String com.example.controller.hello.say()
2018-08-27 16:51:15.870  INFO 11232 --- [main] s.w.s.m.m.a.RequestMappingHandlerMapping : Mapped "{[/getcode],methods=[GET]}" onto public com.example.pojo.Code com.example.controller.hello.getCode()
2018-08-27 16:51:15.873  INFO 11232 --- [main] s.w.s.m.m.a.RequestMappingHandlerMapping : Mapped "{[/error]}" onto public org.springframework.http.ResponseEntity<java.util.Map<java.lang.String, java.lang.Object>> org.springframework.boot.autoconfigure.web.BasicErrorController.error(javax.servlet.http.HttpServletRequest)
2018-08-27 16:51:15.873  INFO 11232 --- [main] s.w.s.m.m.a.RequestMappingHandlerMapping : Mapped "{[/error],produces=[text/html]}" onto public org.springframework.web.servlet.ModelAndView org.springframework.boot.autoconfigure.web.BasicErrorController.errorHtml(javax.servlet.http.HttpServletRequest,javax.servlet.http.HttpServletResponse)
2018-08-27 16:51:15.887  INFO 11232 --- [main] o.s.w.s.handler.SimpleUrlHandlerMapping  : Mapped URL path [/webjars/**] onto handler of type [class org.springframework.web.servlet.resource.ResourceHttpRequestHandler]
2018-08-27 16:51:15.887  INFO 11232 --- [main] o.s.w.s.handler.SimpleUrlHandlerMapping  : Mapped URL path [/**] onto handler of type [class org.springframework.web.servlet.resource.ResourceHttpRequestHandler]
2018-08-27 16:51:15.905  INFO 11232 --- [main] o.s.w.s.handler.SimpleUrlHandlerMapping  : Mapped URL path [/**/favicon.ico] onto handler of type [class org.springframework.web.servlet.resource.ResourceHttpRequestHandler]
2018-08-27 16:51:15.976  INFO 11232 --- [main] o.s.j.e.a.AnnotationMBeanExporter        : Registering beans for JMX exposure on startup
2018-08-27 16:51:15.998  INFO 11232 --- [main] s.b.c.e.t.TomcatEmbeddedServletContainer : Tomcat started on port(s): 8081 (http)
2018-08-27 16:51:16.008  INFO 11232 --- [main] com.example.Application                  : Started Application in 1.455 seconds (JVM running for 1.719)
2018-08-27 16:52:49.638  INFO 10596 --- [main] com.example.Application                  : Starting Application on WIN-PIJ0M0JTUTE with PID 10596 (E:\IDEAworkplace\springBoot\target\classes started by Administrator in E:\IDEAworkplace\springBoot)
2018-08-27 16:52:49.640  INFO 10596 --- [main] com.example.Application                  : The following profiles are active: test
2018-08-27 16:52:49.671  INFO 10596 --- [main] ationConfigEmbeddedWebApplicationContext : Refreshing org.springframework.boot.context.embedded.AnnotationConfigEmbeddedWebApplicationContext@7e9a5fbe: startup date [Mon Aug 27 16:52:49 CST 2018]; root of context hierarchy
2018-08-27 16:52:50.385  INFO 10596 --- [main] s.b.c.e.t.TomcatEmbeddedServletContainer : Tomcat initialized with port(s): 8081 (http)
2018-08-27 16:52:50.398  INFO 10596 --- [main] o.apache.catalina.core.StandardService   : Starting service [Tomcat]
2018-08-27 16:52:50.398  INFO 10596 --- [main] org.apache.catalina.core.StandardEngine  : Starting Servlet Engine: Apache Tomcat/8.5.32
2018-08-27 16:52:50.457  INFO 10596 --- [localhost-startStop-1] o.a.c.c.C.[.[localhost].[/chapter]       : Initializing Spring embedded WebApplicationContext
2018-08-27 16:52:50.457  INFO 10596 --- [localhost-startStop-1] o.s.web.context.ContextLoader            : Root WebApplicationContext: initialization completed in 788 ms
2018-08-27 16:52:50.541  INFO 10596 --- [localhost-startStop-1] o.s.b.w.servlet.ServletRegistrationBean  : Mapping servlet: 'dispatcherServlet' to [/]
2018-08-27 16:52:50.543  INFO 10596 --- [localhost-startStop-1] o.s.b.w.servlet.FilterRegistrationBean   : Mapping filter: 'characterEncodingFilter' to: [/*]
2018-08-27 16:52:50.543  INFO 10596 --- [localhost-startStop-1] o.s.b.w.servlet.FilterRegistrationBean   : Mapping filter: 'hiddenHttpMethodFilter' to: [/*]
2018-08-27 16:52:50.543  INFO 10596 --- [localhost-startStop-1] o.s.b.w.servlet.FilterRegistrationBean   : Mapping filter: 'httpPutFormContentFilter' to: [/*]
2018-08-27 16:52:50.543  INFO 10596 --- [localhost-startStop-1] o.s.b.w.servlet.FilterRegistrationBean   : Mapping filter: 'requestContextFilter' to: [/*]
2018-08-27 16:52:50.544  INFO 10596 --- [localhost-startStop-1] o.s.b.w.servlet.FilterRegistrationBean   : Mapping filter: 'customFilter' to urls: [/*]
2018-08-27 16:52:50.553  INFO 10596 --- [localhost-startStop-1] com.example.filter.CustomFilter          : filter 初始化
2018-08-27 16:52:50.742  INFO 10596 --- [main] s.w.s.m.m.a.RequestMappingHandlerAdapter : Looking for @ControllerAdvice: org.springframework.boot.context.embedded.AnnotationConfigEmbeddedWebApplicationContext@7e9a5fbe: startup date [Mon Aug 27 16:52:49 CST 2018]; root of context hierarchy
2018-08-27 16:52:50.773  INFO 10596 --- [main] s.w.s.m.m.a.RequestMappingHandlerMapping : Mapped "{[/getName],methods=[GET]}" onto public java.lang.String com.example.controller.hello.getName()
2018-08-27 16:52:50.773  INFO 10596 --- [main] s.w.s.m.m.a.RequestMappingHandlerMapping : Mapped "{[/demo],methods=[GET]}" onto public java.lang.String com.example.controller.hello.say()
2018-08-27 16:52:50.774  INFO 10596 --- [main] s.w.s.m.m.a.RequestMappingHandlerMapping : Mapped "{[/getcode],methods=[GET]}" onto public com.example.pojo.Code com.example.controller.hello.getCode()
2018-08-27 16:52:50.774  INFO 10596 --- [main] s.w.s.m.m.a.RequestMappingHandlerMapping : Mapped "{[/getConfig],methods=[GET]}" onto public com.example.pojo.Config com.example.controller.hello.getConfig()
2018-08-27 16:52:50.777  INFO 10596 --- [main] s.w.s.m.m.a.RequestMappingHandlerMapping : Mapped "{[/error]}" onto public org.springframework.http.ResponseEntity<java.util.Map<java.lang.String, java.lang.Object>> org.springframework.boot.autoconfigure.web.BasicErrorController.error(javax.servlet.http.HttpServletRequest)
2018-08-27 16:52:50.777  INFO 10596 --- [main] s.w.s.m.m.a.RequestMappingHandlerMapping : Mapped "{[/error],produces=[text/html]}" onto public org.springframework.web.servlet.ModelAndView org.springframework.boot.autoconfigure.web.BasicErrorController.errorHtml(javax.servlet.http.HttpServletRequest,javax.servlet.http.HttpServletResponse)
2018-08-27 16:52:50.793  INFO 10596 --- [main] o.s.w.s.handler.SimpleUrlHandlerMapping  : Mapped URL path [/webjars/**] onto handler of type [class org.springframework.web.servlet.resource.ResourceHttpRequestHandler]
2018-08-27 16:52:50.794  INFO 10596 --- [main] o.s.w.s.handler.SimpleUrlHandlerMapping  : Mapped URL path [/**] onto handler of type [class org.springframework.web.servlet.resource.ResourceHttpRequestHandler]
2018-08-27 16:52:50.815  INFO 10596 --- [main] o.s.w.s.handler.SimpleUrlHandlerMapping  : Mapped URL path [/**/favicon.ico] onto handler of type [class org.springframework.web.servlet.resource.ResourceHttpRequestHandler]
2018-08-27 16:52:50.885  INFO 10596 --- [main] o.s.j.e.a.AnnotationMBeanExporter        : Registering beans for JMX exposure on startup
2018-08-27 16:52:50.915  INFO 10596 --- [main] s.b.c.e.t.TomcatEmbeddedServletContainer : Tomcat started on port(s): 8081 (http)
2018-08-27 16:52:50.918  INFO 10596 --- [main] com.example.Application                  : Started Application in 1.476 seconds (JVM running for 1.727)
2018-08-27 16:52:50.918  INFO 10596 --- [main] com.example.Application                  : chapter 服务启动
2018-08-27 16:54:15.564  INFO 10596 --- [http-nio-8081-exec-1] o.a.c.c.C.[.[localhost].[/chapter]       : Initializing Spring FrameworkServlet 'dispatcherServlet'
2018-08-27 16:54:15.565  INFO 10596 --- [http-nio-8081-exec-1] o.s.web.servlet.DispatcherServlet        : FrameworkServlet 'dispatcherServlet': initialization started
2018-08-27 16:54:15.579  INFO 10596 --- [http-nio-8081-exec-1] o.s.web.servlet.DispatcherServlet        : FrameworkServlet 'dispatcherServlet': initialization completed in 14 ms
2018-08-27 16:54:15.585  INFO 10596 --- [http-nio-8081-exec-1] com.example.filter.CustomFilter          : 请求处理
2018-08-27 16:54:15.593  INFO 10596 --- [http-nio-8081-exec-1] com.example.controller.hello             : getcode111
2018-08-27 16:55:24.031  INFO 10916 --- [main] com.example.Application                  : Starting Application on WIN-PIJ0M0JTUTE with PID 10916 (E:\IDEAworkplace\springBoot\target\classes started by Administrator in E:\IDEAworkplace\springBoot)
2018-08-27 16:55:24.033  INFO 10916 --- [main] com.example.Application                  : The following profiles are active: test
2018-08-27 16:55:24.066  INFO 10916 --- [main] ationConfigEmbeddedWebApplicationContext : Refreshing org.springframework.boot.context.embedded.AnnotationConfigEmbeddedWebApplicationContext@7e9a5fbe: startup date [Mon Aug 27 16:55:24 CST 2018]; root of context hierarchy
2018-08-27 16:55:24.765  INFO 10916 --- [main] s.b.c.e.t.TomcatEmbeddedServletContainer : Tomcat initialized with port(s): 8081 (http)
2018-08-27 16:55:24.778  INFO 10916 --- [main] o.apache.catalina.core.StandardService   : Starting service [Tomcat]
2018-08-27 16:55:24.778  INFO 10916 --- [main] org.apache.catalina.core.StandardEngine  : Starting Servlet Engine: Apache Tomcat/8.5.32
2018-08-27 16:55:24.836  INFO 10916 --- [localhost-startStop-1] o.a.c.c.C.[.[localhost].[/chapter]       : Initializing Spring embedded WebApplicationContext
2018-08-27 16:55:24.837  INFO 10916 --- [localhost-startStop-1] o.s.web.context.ContextLoader            : Root WebApplicationContext: initialization completed in 773 ms
2018-08-27 16:55:24.918  INFO 10916 --- [localhost-startStop-1] o.s.b.w.servlet.ServletRegistrationBean  : Mapping servlet: 'dispatcherServlet' to [/]
2018-08-27 16:55:24.920  INFO 10916 --- [localhost-startStop-1] o.s.b.w.servlet.FilterRegistrationBean   : Mapping filter: 'characterEncodingFilter' to: [/*]
2018-08-27 16:55:24.920  INFO 10916 --- [localhost-startStop-1] o.s.b.w.servlet.FilterRegistrationBean   : Mapping filter: 'hiddenHttpMethodFilter' to: [/*]
2018-08-27 16:55:24.920  INFO 10916 --- [localhost-startStop-1] o.s.b.w.servlet.FilterRegistrationBean   : Mapping filter: 'httpPutFormContentFilter' to: [/*]
2018-08-27 16:55:24.920  INFO 10916 --- [localhost-startStop-1] o.s.b.w.servlet.FilterRegistrationBean   : Mapping filter: 'requestContextFilter' to: [/*]
2018-08-27 16:55:24.920  INFO 10916 --- [localhost-startStop-1] o.s.b.w.servlet.FilterRegistrationBean   : Mapping filter: 'customFilter' to urls: [/*]
2018-08-27 16:55:24.929  INFO 10916 --- [localhost-startStop-1] com.example.filter.CustomFilter          : filter 初始化
2018-08-27 16:55:25.114  INFO 10916 --- [main] s.w.s.m.m.a.RequestMappingHandlerAdapter : Looking for @ControllerAdvice: org.springframework.boot.context.embedded.AnnotationConfigEmbeddedWebApplicationContext@7e9a5fbe: startup date [Mon Aug 27 16:55:24 CST 2018]; root of context hierarchy
2018-08-27 16:55:25.145  INFO 10916 --- [main] s.w.s.m.m.a.RequestMappingHandlerMapping : Mapped "{[/getName],methods=[GET]}" onto public java.lang.String com.example.controller.hello.getName()
2018-08-27 16:55:25.145  INFO 10916 --- [main] s.w.s.m.m.a.RequestMappingHandlerMapping : Mapped "{[/getConfig],methods=[GET]}" onto public com.example.pojo.Config com.example.controller.hello.getConfig()
2018-08-27 16:55:25.146  INFO 10916 --- [main] s.w.s.m.m.a.RequestMappingHandlerMapping : Mapped "{[/getcode],methods=[GET]}" onto public com.example.pojo.Code com.example.controller.hello.getCode()
2018-08-27 16:55:25.146  INFO 10916 --- [main] s.w.s.m.m.a.RequestMappingHandlerMapping : Mapped "{[/demo],methods=[GET]}" onto public java.lang.String com.example.controller.hello.say()
2018-08-27 16:55:25.148  INFO 10916 --- [main] s.w.s.m.m.a.RequestMappingHandlerMapping : Mapped "{[/error]}" onto public org.springframework.http.ResponseEntity<java.util.Map<java.lang.String, java.lang.Object>> org.springframework.boot.autoconfigure.web.BasicErrorController.error(javax.servlet.http.HttpServletRequest)
2018-08-27 16:55:25.149  INFO 10916 --- [main] s.w.s.m.m.a.RequestMappingHandlerMapping : Mapped "{[/error],produces=[text/html]}" onto public org.springframework.web.servlet.ModelAndView org.springframework.boot.autoconfigure.web.BasicErrorController.errorHtml(javax.servlet.http.HttpServletRequest,javax.servlet.http.HttpServletResponse)
2018-08-27 16:55:25.163  INFO 10916 --- [main] o.s.w.s.handler.SimpleUrlHandlerMapping  : Mapped URL path [/webjars/**] onto handler of type [class org.springframework.web.servlet.resource.ResourceHttpRequestHandler]
2018-08-27 16:55:25.163  INFO 10916 --- [main] o.s.w.s.handler.SimpleUrlHandlerMapping  : Mapped URL path [/**] onto handler of type [class org.springframework.web.servlet.resource.ResourceHttpRequestHandler]
2018-08-27 16:55:25.182  INFO 10916 --- [main] o.s.w.s.handler.SimpleUrlHandlerMapping  : Mapped URL path [/**/favicon.ico] onto handler of type [class org.springframework.web.servlet.resource.ResourceHttpRequestHandler]
2018-08-27 16:55:25.252  INFO 10916 --- [main] o.s.j.e.a.AnnotationMBeanExporter        : Registering beans for JMX exposure on startup
2018-08-27 16:55:25.283  INFO 10916 --- [main] s.b.c.e.t.TomcatEmbeddedServletContainer : Tomcat started on port(s): 8081 (http)
2018-08-27 16:55:25.285  INFO 10916 --- [main] com.example.Application                  : Started Application in 1.456 seconds (JVM running for 1.73)
2018-08-27 16:55:25.285  INFO 10916 --- [main] com.example.Application                  : chapter 服务启动
2018-08-27 17:15:53.270  INFO 8892 --- [main] com.example.Application                  : Starting Application on WIN-PIJ0M0JTUTE with PID 8892 (E:\IDEAworkplace\springBoot\target\classes started by Administrator in E:\IDEAworkplace\springBoot)
2018-08-27 17:15:53.271  INFO 8892 --- [main] com.example.Application                  : The following profiles are active: test
2018-08-27 17:15:53.303  INFO 8892 --- [main] ationConfigEmbeddedWebApplicationContext : Refreshing org.springframework.boot.context.embedded.AnnotationConfigEmbeddedWebApplicationContext@7e9a5fbe: startup date [Mon Aug 27 17:15:53 CST 2018]; root of context hierarchy
2018-08-27 17:15:54.037  INFO 8892 --- [main] s.b.c.e.t.TomcatEmbeddedServletContainer : Tomcat initialized with port(s): 8081 (http)
2018-08-27 17:15:54.050  INFO 8892 --- [main] o.apache.catalina.core.StandardService   : Starting service [Tomcat]
2018-08-27 17:15:54.050  INFO 8892 --- [main] org.apache.catalina.core.StandardEngine  : Starting Servlet Engine: Apache Tomcat/8.5.32
2018-08-27 17:15:54.109  INFO 8892 --- [localhost-startStop-1] o.a.c.c.C.[.[localhost].[/chapter]       : Initializing Spring embedded WebApplicationContext
2018-08-27 17:15:54.109  INFO 8892 --- [localhost-startStop-1] o.s.web.context.ContextLoader            : Root WebApplicationContext: initialization completed in 808 ms
2018-08-27 17:15:54.189  INFO 8892 --- [localhost-startStop-1] o.s.b.w.servlet.ServletRegistrationBean  : Mapping servlet: 'dispatcherServlet' to [/]
2018-08-27 17:15:54.191  INFO 8892 --- [localhost-startStop-1] o.s.b.w.servlet.FilterRegistrationBean   : Mapping filter: 'characterEncodingFilter' to: [/*]
2018-08-27 17:15:54.192  INFO 8892 --- [localhost-startStop-1] o.s.b.w.servlet.FilterRegistrationBean   : Mapping filter: 'hiddenHttpMethodFilter' to: [/*]
2018-08-27 17:15:54.192  INFO 8892 --- [localhost-startStop-1] o.s.b.w.servlet.FilterRegistrationBean   : Mapping filter: 'httpPutFormContentFilter' to: [/*]
2018-08-27 17:15:54.192  INFO 8892 --- [localhost-startStop-1] o.s.b.w.servlet.FilterRegistrationBean   : Mapping filter: 'requestContextFilter' to: [/*]
2018-08-27 17:15:54.192  INFO 8892 --- [localhost-startStop-1] o.s.b.w.servlet.FilterRegistrationBean   : Mapping filter: 'customFilter' to urls: [/*]
2018-08-27 17:15:54.201  INFO 8892 --- [localhost-startStop-1] com.example.filter.CustomFilter          : filter 初始化
2018-08-27 17:15:54.393  INFO 8892 --- [main] s.w.s.m.m.a.RequestMappingHandlerAdapter : Looking for @ControllerAdvice: org.springframework.boot.context.embedded.AnnotationConfigEmbeddedWebApplicationContext@7e9a5fbe: startup date [Mon Aug 27 17:15:53 CST 2018]; root of context hierarchy
2018-08-27 17:15:54.424  INFO 8892 --- [main] s.w.s.m.m.a.RequestMappingHandlerMapping : Mapped "{[/getName],methods=[GET]}" onto public java.lang.String com.example.controller.hello.getName()
2018-08-27 17:15:54.425  INFO 8892 --- [main] s.w.s.m.m.a.RequestMappingHandlerMapping : Mapped "{[/getConfig],methods=[GET]}" onto public com.example.pojo.Config com.example.controller.hello.getConfig()
2018-08-27 17:15:54.425  INFO 8892 --- [main] s.w.s.m.m.a.RequestMappingHandlerMapping : Mapped "{[/getcode],methods=[GET]}" onto public com.example.pojo.Code com.example.controller.hello.getCode()
2018-08-27 17:15:54.425  INFO 8892 --- [main] s.w.s.m.m.a.RequestMappingHandlerMapping : Mapped "{[/demo],methods=[GET]}" onto public java.lang.String com.example.controller.hello.say()
2018-08-27 17:15:54.428  INFO 8892 --- [main] s.w.s.m.m.a.RequestMappingHandlerMapping : Mapped "{[/error]}" onto public org.springframework.http.ResponseEntity<java.util.Map<java.lang.String, java.lang.Object>> org.springframework.boot.autoconfigure.web.BasicErrorController.error(javax.servlet.http.HttpServletRequest)
2018-08-27 17:15:54.428  INFO 8892 --- [main] s.w.s.m.m.a.RequestMappingHandlerMapping : Mapped "{[/error],produces=[text/html]}" onto public org.springframework.web.servlet.ModelAndView org.springframework.boot.autoconfigure.web.BasicErrorController.errorHtml(javax.servlet.http.HttpServletRequest,javax.servlet.http.HttpServletResponse)
2018-08-27 17:15:54.443  INFO 8892 --- [main] o.s.w.s.handler.SimpleUrlHandlerMapping  : Mapped URL path [/webjars/**] onto handler of type [class org.springframework.web.servlet.resource.ResourceHttpRequestHandler]
2018-08-27 17:15:54.443  INFO 8892 --- [main] o.s.w.s.handler.SimpleUrlHandlerMapping  : Mapped URL path [/**] onto handler of type [class org.springframework.web.servlet.resource.ResourceHttpRequestHandler]
2018-08-27 17:15:54.462  INFO 8892 --- [main] o.s.w.s.handler.SimpleUrlHandlerMapping  : Mapped URL path [/**/favicon.ico] onto handler of type [class org.springframework.web.servlet.resource.ResourceHttpRequestHandler]
2018-08-27 17:15:54.534  INFO 8892 --- [main] o.s.j.e.a.AnnotationMBeanExporter        : Registering beans for JMX exposure on startup
2018-08-27 17:15:54.557  INFO 8892 --- [main] s.b.c.e.t.TomcatEmbeddedServletContainer : Tomcat started on port(s): 8081 (http)
2018-08-27 17:15:54.560  INFO 8892 --- [main] com.example.Application                  : Started Application in 1.472 seconds (JVM running for 1.718)
2018-08-27 17:15:54.560  INFO 8892 --- [main] com.example.Application                  : chapter 服务启动
2018-08-27 17:16:06.265  INFO 8892 --- [http-nio-8081-exec-1] o.a.c.c.C.[.[localhost].[/chapter]       : Initializing Spring FrameworkServlet 'dispatcherServlet'
2018-08-27 17:16:06.265  INFO 8892 --- [http-nio-8081-exec-1] o.s.web.servlet.DispatcherServlet        : FrameworkServlet 'dispatcherServlet': initialization started
2018-08-27 17:16:06.277  INFO 8892 --- [http-nio-8081-exec-1] o.s.web.servlet.DispatcherServlet        : FrameworkServlet 'dispatcherServlet': initialization completed in 12 ms
2018-08-27 17:16:06.283  INFO 8892 --- [http-nio-8081-exec-1] com.example.filter.CustomFilter          : 请求处理
2018-08-27 17:16:06.290  INFO 8892 --- [http-nio-8081-exec-1] com.example.controller.hello             : getcode111
2018-08-27 17:26:44.175  INFO 7508 --- [main] com.example.Application                  : Starting Application on WIN-PIJ0M0JTUTE with PID 7508 (E:\IDEAworkplace\springBoot\target\classes started by Administrator in E:\IDEAworkplace\springBoot)
2018-08-27 17:26:44.176  INFO 7508 --- [main] com.example.Application                  : The following profiles are active: test
2018-08-27 17:26:44.206  INFO 7508 --- [main] ationConfigEmbeddedWebApplicationContext : Refreshing org.springframework.boot.context.embedded.AnnotationConfigEmbeddedWebApplicationContext@7e9a5fbe: startup date [Mon Aug 27 17:26:44 CST 2018]; root of context hierarchy
2018-08-27 17:26:44.938  INFO 7508 --- [main] s.b.c.e.t.TomcatEmbeddedServletContainer : Tomcat initialized with port(s): 8081 (http)
2018-08-27 17:26:44.952  INFO 7508 --- [main] o.apache.catalina.core.StandardService   : Starting service [Tomcat]
2018-08-27 17:26:44.953  INFO 7508 --- [main] org.apache.catalina.core.StandardEngine  : Starting Servlet Engine: Apache Tomcat/8.5.32
2018-08-27 17:26:45.012  INFO 7508 --- [localhost-startStop-1] o.a.c.c.C.[.[localhost].[/chapter]       : Initializing Spring embedded WebApplicationContext
2018-08-27 17:26:45.012  INFO 7508 --- [localhost-startStop-1] o.s.web.context.ContextLoader            : Root WebApplicationContext: initialization completed in 808 ms
2018-08-27 17:26:45.099  INFO 7508 --- [localhost-startStop-1] o.s.b.w.servlet.ServletRegistrationBean  : Mapping servlet: 'dispatcherServlet' to [/]
2018-08-27 17:26:45.101  INFO 7508 --- [localhost-startStop-1] o.s.b.w.servlet.FilterRegistrationBean   : Mapping filter: 'characterEncodingFilter' to: [/*]
2018-08-27 17:26:45.101  INFO 7508 --- [localhost-startStop-1] o.s.b.w.servlet.FilterRegistrationBean   : Mapping filter: 'hiddenHttpMethodFilter' to: [/*]
2018-08-27 17:26:45.101  INFO 7508 --- [localhost-startStop-1] o.s.b.w.servlet.FilterRegistrationBean   : Mapping filter: 'httpPutFormContentFilter' to: [/*]
2018-08-27 17:26:45.101  INFO 7508 --- [localhost-startStop-1] o.s.b.w.servlet.FilterRegistrationBean   : Mapping filter: 'requestContextFilter' to: [/*]
2018-08-27 17:26:45.102  INFO 7508 --- [localhost-startStop-1] o.s.b.w.servlet.FilterRegistrationBean   : Mapping filter: 'customFilter' to urls: [/*]
2018-08-27 17:26:45.110  INFO 7508 --- [localhost-startStop-1] com.example.filter.CustomFilter          : filter 初始化
2018-08-27 17:26:45.300  INFO 7508 --- [main] s.w.s.m.m.a.RequestMappingHandlerAdapter : Looking for @ControllerAdvice: org.springframework.boot.context.embedded.AnnotationConfigEmbeddedWebApplicationContext@7e9a5fbe: startup date [Mon Aug 27 17:26:44 CST 2018]; root of context hierarchy
2018-08-27 17:26:45.331  INFO 7508 --- [main] s.w.s.m.m.a.RequestMappingHandlerMapping : Mapped "{[/getName],methods=[GET]}" onto public java.lang.String com.example.controller.hello.getName()
2018-08-27 17:26:45.331  INFO 7508 --- [main] s.w.s.m.m.a.RequestMappingHandlerMapping : Mapped "{[/getConfig],methods=[GET]}" onto public com.example.pojo.Config com.example.controller.hello.getConfig()
2018-08-27 17:26:45.331  INFO 7508 --- [main] s.w.s.m.m.a.RequestMappingHandlerMapping : Mapped "{[/demo],methods=[GET]}" onto public java.lang.String com.example.controller.hello.say()
2018-08-27 17:26:45.332  INFO 7508 --- [main] s.w.s.m.m.a.RequestMappingHandlerMapping : Mapped "{[/getcode],methods=[GET]}" onto public com.example.pojo.Code com.example.controller.hello.getCode()
2018-08-27 17:26:45.334  INFO 7508 --- [main] s.w.s.m.m.a.RequestMappingHandlerMapping : Mapped "{[/error]}" onto public org.springframework.http.ResponseEntity<java.util.Map<java.lang.String, java.lang.Object>> org.springframework.boot.autoconfigure.web.BasicErrorController.error(javax.servlet.http.HttpServletRequest)
2018-08-27 17:26:45.335  INFO 7508 --- [main] s.w.s.m.m.a.RequestMappingHandlerMapping : Mapped "{[/error],produces=[text/html]}" onto public org.springframework.web.servlet.ModelAndView org.springframework.boot.autoconfigure.web.BasicErrorController.errorHtml(javax.servlet.http.HttpServletRequest,javax.servlet.http.HttpServletResponse)
2018-08-27 17:26:45.348  INFO 7508 --- [main] o.s.w.s.handler.SimpleUrlHandlerMapping  : Mapped URL path [/webjars/**] onto handler of type [class org.springframework.web.servlet.resource.ResourceHttpRequestHandler]
2018-08-27 17:26:45.348  INFO 7508 --- [main] o.s.w.s.handler.SimpleUrlHandlerMapping  : Mapped URL path [/**] onto handler of type [class org.springframework.web.servlet.resource.ResourceHttpRequestHandler]
2018-08-27 17:26:45.367  INFO 7508 --- [main] o.s.w.s.handler.SimpleUrlHandlerMapping  : Mapped URL path [/**/favicon.ico] onto handler of type [class org.springframework.web.servlet.resource.ResourceHttpRequestHandler]
2018-08-27 17:26:45.436  INFO 7508 --- [main] o.s.j.e.a.AnnotationMBeanExporter        : Registering beans for JMX exposure on startup
2018-08-27 17:26:45.467  INFO 7508 --- [main] s.b.c.e.t.TomcatEmbeddedServletContainer : Tomcat started on port(s): 8081 (http)
2018-08-27 17:26:45.469  INFO 7508 --- [main] com.example.Application                  : Started Application in 1.477 seconds (JVM running for 1.736)
2018-08-27 17:26:45.470  INFO 7508 --- [main] com.example.Application                  : chapter 服务启动
2018-08-27 17:28:41.075  INFO 11612 --- [main] com.example.Application                  : Starting Application on WIN-PIJ0M0JTUTE with PID 11612 (E:\IDEAworkplace\springBoot\target\classes started by Administrator in E:\IDEAworkplace\springBoot)
2018-08-27 17:28:41.077  INFO 11612 --- [main] com.example.Application                  : The following profiles are active: test
2018-08-27 17:28:41.106  INFO 11612 --- [main] ationConfigEmbeddedWebApplicationContext : Refreshing org.springframework.boot.context.embedded.AnnotationConfigEmbeddedWebApplicationContext@7e9a5fbe: startup date [Mon Aug 27 17:28:41 CST 2018]; root of context hierarchy
2018-08-27 17:28:41.832  INFO 11612 --- [main] s.b.c.e.t.TomcatEmbeddedServletContainer : Tomcat initialized with port(s): 8081 (http)
2018-08-27 17:28:41.845  INFO 11612 --- [main] o.apache.catalina.core.StandardService   : Starting service [Tomcat]
2018-08-27 17:28:41.845  INFO 11612 --- [main] org.apache.catalina.core.StandardEngine  : Starting Servlet Engine: Apache Tomcat/8.5.32
2018-08-27 17:28:41.907  INFO 11612 --- [localhost-startStop-1] o.a.c.c.C.[.[localhost].[/chapter]       : Initializing Spring embedded WebApplicationContext
2018-08-27 17:28:41.907  INFO 11612 --- [localhost-startStop-1] o.s.web.context.ContextLoader            : Root WebApplicationContext: initialization completed in 803 ms
2018-08-27 17:28:41.996  INFO 11612 --- [localhost-startStop-1] o.s.b.w.servlet.ServletRegistrationBean  : Mapping servlet: 'dispatcherServlet' to [/]
2018-08-27 17:28:41.998  INFO 11612 --- [localhost-startStop-1] o.s.b.w.servlet.FilterRegistrationBean   : Mapping filter: 'characterEncodingFilter' to: [/*]
2018-08-27 17:28:41.999  INFO 11612 --- [localhost-startStop-1] o.s.b.w.servlet.FilterRegistrationBean   : Mapping filter: 'hiddenHttpMethodFilter' to: [/*]
2018-08-27 17:28:41.999  INFO 11612 --- [localhost-startStop-1] o.s.b.w.servlet.FilterRegistrationBean   : Mapping filter: 'httpPutFormContentFilter' to: [/*]
2018-08-27 17:28:41.999  INFO 11612 --- [localhost-startStop-1] o.s.b.w.servlet.FilterRegistrationBean   : Mapping filter: 'requestContextFilter' to: [/*]
2018-08-27 17:28:41.999  INFO 11612 --- [localhost-startStop-1] o.s.b.w.servlet.FilterRegistrationBean   : Mapping filter: 'customFilter' to urls: [/*]
2018-08-27 17:28:42.009  INFO 11612 --- [localhost-startStop-1] com.example.filter.CustomFilter          : filter 初始化
2018-08-27 17:28:42.212  INFO 11612 --- [main] s.w.s.m.m.a.RequestMappingHandlerAdapter : Looking for @ControllerAdvice: org.springframework.boot.context.embedded.AnnotationConfigEmbeddedWebApplicationContext@7e9a5fbe: startup date [Mon Aug 27 17:28:41 CST 2018]; root of context hierarchy
2018-08-27 17:28:42.244  INFO 11612 --- [main] s.w.s.m.m.a.RequestMappingHandlerMapping : Mapped "{[/getName],methods=[GET]}" onto public java.lang.String com.example.controller.hello.getName()
2018-08-27 17:28:42.245  INFO 11612 --- [main] s.w.s.m.m.a.RequestMappingHandlerMapping : Mapped "{[/getConfig],methods=[GET]}" onto public com.example.pojo.Config com.example.controller.hello.getConfig()
2018-08-27 17:28:42.245  INFO 11612 --- [main] s.w.s.m.m.a.RequestMappingHandlerMapping : Mapped "{[/getcode],methods=[GET]}" onto public com.example.pojo.Code com.example.controller.hello.getCode()
2018-08-27 17:28:42.245  INFO 11612 --- [main] s.w.s.m.m.a.RequestMappingHandlerMapping : Mapped "{[/demo],methods=[GET]}" onto public java.lang.String com.example.controller.hello.say()
2018-08-27 17:28:42.248  INFO 11612 --- [main] s.w.s.m.m.a.RequestMappingHandlerMapping : Mapped "{[/error]}" onto public org.springframework.http.ResponseEntity<java.util.Map<java.lang.String, java.lang.Object>> org.springframework.boot.autoconfigure.web.BasicErrorController.error(javax.servlet.http.HttpServletRequest)
2018-08-27 17:28:42.248  INFO 11612 --- [main] s.w.s.m.m.a.RequestMappingHandlerMapping : Mapped "{[/error],produces=[text/html]}" onto public org.springframework.web.servlet.ModelAndView org.springframework.boot.autoconfigure.web.BasicErrorController.errorHtml(javax.servlet.http.HttpServletRequest,javax.servlet.http.HttpServletResponse)
2018-08-27 17:28:42.262  INFO 11612 --- [main] o.s.w.s.handler.SimpleUrlHandlerMapping  : Mapped URL path [/webjars/**] onto handler of type [class org.springframework.web.servlet.resource.ResourceHttpRequestHandler]
2018-08-27 17:28:42.263  INFO 11612 --- [main] o.s.w.s.handler.SimpleUrlHandlerMapping  : Mapped URL path [/**] onto handler of type [class org.springframework.web.servlet.resource.ResourceHttpRequestHandler]
2018-08-27 17:28:42.282  INFO 11612 --- [main] o.s.w.s.handler.SimpleUrlHandlerMapping  : Mapped URL path [/**/favicon.ico] onto handler of type [class org.springframework.web.servlet.resource.ResourceHttpRequestHandler]
2018-08-27 17:28:42.351  INFO 11612 --- [main] o.s.j.e.a.AnnotationMBeanExporter        : Registering beans for JMX exposure on startup
2018-08-27 17:28:42.382  INFO 11612 --- [main] s.b.c.e.t.TomcatEmbeddedServletContainer : Tomcat started on port(s): 8081 (http)
2018-08-27 17:28:42.385  INFO 11612 --- [main] com.example.Application                  : Started Application in 1.496 seconds (JVM running for 1.745)
2018-08-27 17:28:42.385  INFO 11612 --- [main] com.example.Application                  : chapter 服务启动
2018-08-27 17:29:11.195  INFO 10224 --- [main] com.example.Application                  : Starting Application on WIN-PIJ0M0JTUTE with PID 10224 (E:\IDEAworkplace\springBoot\target\classes started by Administrator in E:\IDEAworkplace\springBoot)
2018-08-27 17:29:11.198  INFO 10224 --- [main] com.example.Application                  : The following profiles are active: test
2018-08-27 17:29:11.231  INFO 10224 --- [main] ationConfigEmbeddedWebApplicationContext : Refreshing org.springframework.boot.context.embedded.AnnotationConfigEmbeddedWebApplicationContext@7e9a5fbe: startup date [Mon Aug 27 17:29:11 CST 2018]; root of context hierarchy
2018-08-27 17:29:11.958  INFO 10224 --- [main] s.b.c.e.t.TomcatEmbeddedServletContainer : Tomcat initialized with port(s): 8081 (http)
2018-08-27 17:29:11.971  INFO 10224 --- [main] o.apache.catalina.core.StandardService   : Starting service [Tomcat]
2018-08-27 17:29:11.972  INFO 10224 --- [main] org.apache.catalina.core.StandardEngine  : Starting Servlet Engine: Apache Tomcat/8.5.32
2018-08-27 17:29:12.031  INFO 10224 --- [localhost-startStop-1] o.a.c.c.C.[.[localhost].[/chapter]       : Initializing Spring embedded WebApplicationContext
2018-08-27 17:29:12.031  INFO 10224 --- [localhost-startStop-1] o.s.web.context.ContextLoader            : Root WebApplicationContext: initialization completed in 802 ms
2018-08-27 17:29:12.120  INFO 10224 --- [localhost-startStop-1] o.s.b.w.servlet.ServletRegistrationBean  : Mapping servlet: 'dispatcherServlet' to [/]
2018-08-27 17:29:12.122  INFO 10224 --- [localhost-startStop-1] o.s.b.w.servlet.FilterRegistrationBean   : Mapping filter: 'characterEncodingFilter' to: [/*]
2018-08-27 17:29:12.122  INFO 10224 --- [localhost-startStop-1] o.s.b.w.servlet.FilterRegistrationBean   : Mapping filter: 'hiddenHttpMethodFilter' to: [/*]
2018-08-27 17:29:12.122  INFO 10224 --- [localhost-startStop-1] o.s.b.w.servlet.FilterRegistrationBean   : Mapping filter: 'httpPutFormContentFilter' to: [/*]
2018-08-27 17:29:12.122  INFO 10224 --- [localhost-startStop-1] o.s.b.w.servlet.FilterRegistrationBean   : Mapping filter: 'requestContextFilter' to: [/*]
2018-08-27 17:29:12.123  INFO 10224 --- [localhost-startStop-1] o.s.b.w.servlet.FilterRegistrationBean   : Mapping filter: 'customFilter' to urls: [/*]
2018-08-27 17:29:12.132  INFO 10224 --- [localhost-startStop-1] com.example.filter.CustomFilter          : filter chushuihua
2018-08-27 17:29:12.322  INFO 10224 --- [main] s.w.s.m.m.a.RequestMappingHandlerAdapter : Looking for @ControllerAdvice: org.springframework.boot.context.embedded.AnnotationConfigEmbeddedWebApplicationContext@7e9a5fbe: startup date [Mon Aug 27 17:29:11 CST 2018]; root of context hierarchy
2018-08-27 17:29:12.355  INFO 10224 --- [main] s.w.s.m.m.a.RequestMappingHandlerMapping : Mapped "{[/getName],methods=[GET]}" onto public java.lang.String com.example.controller.hello.getName()
2018-08-27 17:29:12.356  INFO 10224 --- [main] s.w.s.m.m.a.RequestMappingHandlerMapping : Mapped "{[/getConfig],methods=[GET]}" onto public com.example.pojo.Config com.example.controller.hello.getConfig()
2018-08-27 17:29:12.356  INFO 10224 --- [main] s.w.s.m.m.a.RequestMappingHandlerMapping : Mapped "{[/getcode],methods=[GET]}" onto public com.example.pojo.Code com.example.controller.hello.getCode()
2018-08-27 17:29:12.356  INFO 10224 --- [main] s.w.s.m.m.a.RequestMappingHandlerMapping : Mapped "{[/demo],methods=[GET]}" onto public java.lang.String com.example.controller.hello.say()
2018-08-27 17:29:12.358  INFO 10224 --- [main] s.w.s.m.m.a.RequestMappingHandlerMapping : Mapped "{[/error]}" onto public org.springframework.http.ResponseEntity<java.util.Map<java.lang.String, java.lang.Object>> org.springframework.boot.autoconfigure.web.BasicErrorController.error(javax.servlet.http.HttpServletRequest)
2018-08-27 17:29:12.359  INFO 10224 --- [main] s.w.s.m.m.a.RequestMappingHandlerMapping : Mapped "{[/error],produces=[text/html]}" onto public org.springframework.web.servlet.ModelAndView org.springframework.boot.autoconfigure.web.BasicErrorController.errorHtml(javax.servlet.http.HttpServletRequest,javax.servlet.http.HttpServletResponse)
2018-08-27 17:29:12.374  INFO 10224 --- [main] o.s.w.s.handler.SimpleUrlHandlerMapping  : Mapped URL path [/webjars/**] onto handler of type [class org.springframework.web.servlet.resource.ResourceHttpRequestHandler]
2018-08-27 17:29:12.374  INFO 10224 --- [main] o.s.w.s.handler.SimpleUrlHandlerMapping  : Mapped URL path [/**] onto handler of type [class org.springframework.web.servlet.resource.ResourceHttpRequestHandler]
2018-08-27 17:29:12.394  INFO 10224 --- [main] o.s.w.s.handler.SimpleUrlHandlerMapping  : Mapped URL path [/**/favicon.ico] onto handler of type [class org.springframework.web.servlet.resource.ResourceHttpRequestHandler]
2018-08-27 17:29:12.464  INFO 10224 --- [main] o.s.j.e.a.AnnotationMBeanExporter        : Registering beans for JMX exposure on startup
2018-08-27 17:29:12.496  INFO 10224 --- [main] s.b.c.e.t.TomcatEmbeddedServletContainer : Tomcat started on port(s): 8081 (http)
2018-08-27 17:29:12.499  INFO 10224 --- [main] com.example.Application                  : Started Application in 1.486 seconds (JVM running for 1.746)
2018-08-27 17:29:12.499  INFO 10224 --- [main] com.example.Application                  : chapter qidong
2018-08-27 17:29:30.726  INFO 10224 --- [http-nio-8081-exec-1] com.example.listener.Customlistener      : Listen：222
2018-08-27 17:29:30.731  INFO 10224 --- [http-nio-8081-exec-1] o.a.c.c.C.[.[localhost].[/chapter]       : Initializing Spring FrameworkServlet 'dispatcherServlet'
2018-08-27 17:29:30.731  INFO 10224 --- [http-nio-8081-exec-1] o.s.web.servlet.DispatcherServlet        : FrameworkServlet 'dispatcherServlet': initialization started
2018-08-27 17:29:30.746  INFO 10224 --- [http-nio-8081-exec-1] o.s.web.servlet.DispatcherServlet        : FrameworkServlet 'dispatcherServlet': initialization completed in 15 ms
2018-08-27 17:29:30.755  INFO 10224 --- [http-nio-8081-exec-1] com.example.filter.CustomFilter          : request deal
2018-08-27 17:29:30.765  INFO 10224 --- [http-nio-8081-exec-1] com.example.controller.hello             : getcode111
2018-08-27 17:29:30.801  INFO 10224 --- [http-nio-8081-exec-1] com.example.listener.Customlistener      : Listen：111
2018-08-27 17:42:07.141  INFO 6512 --- [main] com.example.Application                  : Starting Application on WIN-PIJ0M0JTUTE with PID 6512 (E:\IDEAworkplace\springBoot\target\classes started by Administrator in E:\IDEAworkplace\springBoot)
2018-08-27 17:42:07.143  INFO 6512 --- [main] com.example.Application                  : The following profiles are active: test
2018-08-27 17:42:07.172  INFO 6512 --- [main] ationConfigEmbeddedWebApplicationContext : Refreshing org.springframework.boot.context.embedded.AnnotationConfigEmbeddedWebApplicationContext@7e9a5fbe: startup date [Mon Aug 27 17:42:07 CST 2018]; root of context hierarchy
2018-08-27 17:42:07.940  INFO 6512 --- [main] s.b.c.e.t.TomcatEmbeddedServletContainer : Tomcat initialized with port(s): 8081 (http)
2018-08-27 17:42:07.954  INFO 6512 --- [main] o.apache.catalina.core.StandardService   : Starting service [Tomcat]
2018-08-27 17:42:07.954  INFO 6512 --- [main] org.apache.catalina.core.StandardEngine  : Starting Servlet Engine: Apache Tomcat/8.5.32
2018-08-27 17:42:08.015  INFO 6512 --- [localhost-startStop-1] o.a.c.c.C.[.[localhost].[/chapter]       : Initializing Spring embedded WebApplicationContext
2018-08-27 17:42:08.015  INFO 6512 --- [localhost-startStop-1] o.s.web.context.ContextLoader            : Root WebApplicationContext: initialization completed in 844 ms
2018-08-27 17:42:08.103  INFO 6512 --- [localhost-startStop-1] o.s.b.w.servlet.ServletRegistrationBean  : Mapping servlet: 'dispatcherServlet' to [/]
2018-08-27 17:42:08.105  INFO 6512 --- [localhost-startStop-1] o.s.b.w.servlet.FilterRegistrationBean   : Mapping filter: 'characterEncodingFilter' to: [/*]
2018-08-27 17:42:08.106  INFO 6512 --- [localhost-startStop-1] o.s.b.w.servlet.FilterRegistrationBean   : Mapping filter: 'hiddenHttpMethodFilter' to: [/*]
2018-08-27 17:42:08.106  INFO 6512 --- [localhost-startStop-1] o.s.b.w.servlet.FilterRegistrationBean   : Mapping filter: 'httpPutFormContentFilter' to: [/*]
2018-08-27 17:42:08.106  INFO 6512 --- [localhost-startStop-1] o.s.b.w.servlet.FilterRegistrationBean   : Mapping filter: 'requestContextFilter' to: [/*]
2018-08-27 17:42:08.106  INFO 6512 --- [localhost-startStop-1] o.s.b.w.servlet.FilterRegistrationBean   : Mapping filter: 'customFilter' to urls: [/*]
2018-08-27 17:42:08.115  INFO 6512 --- [localhost-startStop-1] com.example.filter.CustomFilter          : filter chushuihua
2018-08-27 17:42:08.314  INFO 6512 --- [main] s.w.s.m.m.a.RequestMappingHandlerAdapter : Looking for @ControllerAdvice: org.springframework.boot.context.embedded.AnnotationConfigEmbeddedWebApplicationContext@7e9a5fbe: startup date [Mon Aug 27 17:42:07 CST 2018]; root of context hierarchy
2018-08-27 17:42:08.344  INFO 6512 --- [main] s.w.s.m.m.a.RequestMappingHandlerMapping : Mapped "{[/getName],methods=[GET]}" onto public java.lang.String com.example.controller.hello.getName()
2018-08-27 17:42:08.344  INFO 6512 --- [main] s.w.s.m.m.a.RequestMappingHandlerMapping : Mapped "{[/getConfig],methods=[GET]}" onto public com.example.pojo.Config com.example.controller.hello.getConfig()
2018-08-27 17:42:08.345  INFO 6512 --- [main] s.w.s.m.m.a.RequestMappingHandlerMapping : Mapped "{[/demo],methods=[GET]}" onto public java.lang.String com.example.controller.hello.say()
2018-08-27 17:42:08.345  INFO 6512 --- [main] s.w.s.m.m.a.RequestMappingHandlerMapping : Mapped "{[/getcode],methods=[GET]}" onto public com.example.pojo.Code com.example.controller.hello.getCode()
2018-08-27 17:42:08.347  INFO 6512 --- [main] s.w.s.m.m.a.RequestMappingHandlerMapping : Mapped "{[/error]}" onto public org.springframework.http.ResponseEntity<java.util.Map<java.lang.String, java.lang.Object>> org.springframework.boot.autoconfigure.web.BasicErrorController.error(javax.servlet.http.HttpServletRequest)
2018-08-27 17:42:08.348  INFO 6512 --- [main] s.w.s.m.m.a.RequestMappingHandlerMapping : Mapped "{[/error],produces=[text/html]}" onto public org.springframework.web.servlet.ModelAndView org.springframework.boot.autoconfigure.web.BasicErrorController.errorHtml(javax.servlet.http.HttpServletRequest,javax.servlet.http.HttpServletResponse)
2018-08-27 17:42:08.362  INFO 6512 --- [main] o.s.w.s.handler.SimpleUrlHandlerMapping  : Mapped URL path [/webjars/**] onto handler of type [class org.springframework.web.servlet.resource.ResourceHttpRequestHandler]
2018-08-27 17:42:08.362  INFO 6512 --- [main] o.s.w.s.handler.SimpleUrlHandlerMapping  : Mapped URL path [/**] onto handler of type [class org.springframework.web.servlet.resource.ResourceHttpRequestHandler]
2018-08-27 17:42:08.380  INFO 6512 --- [main] o.s.w.s.handler.SimpleUrlHandlerMapping  : Mapped URL path [/**/favicon.ico] onto handler of type [class org.springframework.web.servlet.resource.ResourceHttpRequestHandler]
2018-08-27 17:42:08.451  INFO 6512 --- [main] o.s.j.e.a.AnnotationMBeanExporter        : Registering beans for JMX exposure on startup
2018-08-27 17:42:08.482  INFO 6512 --- [main] s.b.c.e.t.TomcatEmbeddedServletContainer : Tomcat started on port(s): 8081 (http)
2018-08-27 17:42:08.484  INFO 6512 --- [main] com.example.Application                  : Started Application in 1.521 seconds (JVM running for 1.76)
2018-08-27 17:42:08.484  INFO 6512 --- [main] com.example.Application                  : chapter qidong
2018-08-27 17:42:55.986  INFO 6512 --- [http-nio-8081-exec-1] com.example.listener.Customlistener      : Listen：222
2018-08-27 17:42:55.991  INFO 6512 --- [http-nio-8081-exec-1] o.a.c.c.C.[.[localhost].[/chapter]       : Initializing Spring FrameworkServlet 'dispatcherServlet'
2018-08-27 17:42:55.991  INFO 6512 --- [http-nio-8081-exec-1] o.s.web.servlet.DispatcherServlet        : FrameworkServlet 'dispatcherServlet': initialization started
2018-08-27 17:42:56.004  INFO 6512 --- [http-nio-8081-exec-1] o.s.web.servlet.DispatcherServlet        : FrameworkServlet 'dispatcherServlet': initialization completed in 13 ms
2018-08-27 17:42:56.010  INFO 6512 --- [http-nio-8081-exec-1] com.example.filter.CustomFilter          : request deal
2018-08-27 17:42:56.014  INFO 6512 --- [http-nio-8081-exec-1] c.e.I.CustomHandlerInterceptor           : preHandle:请求前调用
2018-08-27 17:42:56.017  INFO 6512 --- [http-nio-8081-exec-1] com.example.controller.hello             : getcode111
2018-08-27 17:42:56.046  INFO 6512 --- [http-nio-8081-exec-1] c.e.I.CustomHandlerInterceptor           : postHandle:请求后调用
2018-08-27 17:42:56.046  INFO 6512 --- [http-nio-8081-exec-1] c.e.I.CustomHandlerInterceptor           : afterCompletion:请求调用完成后回调方法，即在视图渲染完成后回调
2018-08-27 17:42:56.047  INFO 6512 --- [http-nio-8081-exec-1] com.example.listener.Customlistener      : Listen：111
