文件记录-2018-08-28 09:32:21 [main] INFO  com.example.Application - Starting Application on WIN-PIJ0M0JTUTE with PID 12932 (E:\IDEAworkplace\springBoot\target\classes started by Administrator in E:\IDEAworkplace\springBoot)
文件记录-2018-08-28 09:32:21 [main] INFO  com.example.Application - The following profiles are active: test
文件记录-2018-08-28 09:32:21 [main] INFO  o.s.b.c.e.AnnotationConfigEmbeddedWebApplicationContext - Refreshing org.springframework.boot.context.embedded.AnnotationConfigEmbeddedWebApplicationContext@4f9a3314: startup date [Tue Aug 28 09:32:21 CST 2018]; root of context hierarchy
文件记录-2018-08-28 09:32:21 [background-preinit] INFO  o.h.validator.internal.util.Version - HV000001: Hibernate Validator 5.3.6.Final
文件记录-2018-08-28 09:32:22 [main] INFO  o.s.b.c.e.t.TomcatEmbeddedServletContainer - Tomcat initialized with port(s): 8081 (http)
文件记录-2018-08-28 09:32:22 [main] INFO  o.a.coyote.http11.Http11NioProtocol - Initializing ProtocolHandler ["http-nio-8081"]
文件记录-2018-08-28 09:32:22 [main] INFO  o.a.catalina.core.StandardService - Starting service [Tomcat]
文件记录-2018-08-28 09:32:22 [main] INFO  o.a.catalina.core.StandardEngine - Starting Servlet Engine: Apache Tomcat/8.5.32
文件记录-2018-08-28 09:32:22 [localhost-startStop-1] INFO  o.a.c.c.C.[.[localhost].[/chapter] - Initializing Spring embedded WebApplicationContext
文件记录-2018-08-28 09:32:22 [localhost-startStop-1] INFO  o.s.web.context.ContextLoader - Root WebApplicationContext: initialization completed in 804 ms
文件记录-2018-08-28 09:32:22 [localhost-startStop-1] INFO  o.s.b.w.s.ServletRegistrationBean - Mapping servlet: 'dispatcherServlet' to [/]
文件记录-2018-08-28 09:32:22 [localhost-startStop-1] INFO  o.s.b.w.s.FilterRegistrationBean - Mapping filter: 'characterEncodingFilter' to: [/*]
文件记录-2018-08-28 09:32:22 [localhost-startStop-1] INFO  o.s.b.w.s.FilterRegistrationBean - Mapping filter: 'hiddenHttpMethodFilter' to: [/*]
文件记录-2018-08-28 09:32:22 [localhost-startStop-1] INFO  o.s.b.w.s.FilterRegistrationBean - Mapping filter: 'httpPutFormContentFilter' to: [/*]
文件记录-2018-08-28 09:32:22 [localhost-startStop-1] INFO  o.s.b.w.s.FilterRegistrationBean - Mapping filter: 'requestContextFilter' to: [/*]
文件记录-2018-08-28 09:32:22 [localhost-startStop-1] INFO  o.s.b.w.s.FilterRegistrationBean - Mapping filter: 'customFilter' to urls: [/*]
文件记录-2018-08-28 09:32:22 [localhost-startStop-1] INFO  com.example.filter.CustomFilter - filter chushuihua
文件记录-2018-08-28 09:32:22 [main] INFO  o.s.w.s.m.m.a.RequestMappingHandlerAdapter - Looking for @ControllerAdvice: org.springframework.boot.context.embedded.AnnotationConfigEmbeddedWebApplicationContext@4f9a3314: startup date [Tue Aug 28 09:32:21 CST 2018]; root of context hierarchy
文件记录-2018-08-28 09:32:22 [main] INFO  o.s.w.s.m.m.a.RequestMappingHandlerMapping - Mapped "{[/getName],methods=[GET]}" onto public java.lang.String com.example.controller.hello.getName()
文件记录-2018-08-28 09:32:22 [main] INFO  o.s.w.s.m.m.a.RequestMappingHandlerMapping - Mapped "{[/getConfig],methods=[GET]}" onto public com.example.pojo.Config com.example.controller.hello.getConfig()
文件记录-2018-08-28 09:32:22 [main] INFO  o.s.w.s.m.m.a.RequestMappingHandlerMapping - Mapped "{[/demo],methods=[GET]}" onto public java.lang.String com.example.controller.hello.say()
文件记录-2018-08-28 09:32:22 [main] INFO  o.s.w.s.m.m.a.RequestMappingHandlerMapping - Mapped "{[/getcode],methods=[GET]}" onto public com.example.pojo.Code com.example.controller.hello.getCode()
文件记录-2018-08-28 09:32:22 [main] INFO  o.s.w.s.m.m.a.RequestMappingHandlerMapping - Mapped "{[/error]}" onto public org.springframework.http.ResponseEntity<java.util.Map<java.lang.String, java.lang.Object>> org.springframework.boot.autoconfigure.web.BasicErrorController.error(javax.servlet.http.HttpServletRequest)
文件记录-2018-08-28 09:32:22 [main] INFO  o.s.w.s.m.m.a.RequestMappingHandlerMapping - Mapped "{[/error],produces=[text/html]}" onto public org.springframework.web.servlet.ModelAndView org.springframework.boot.autoconfigure.web.BasicErrorController.errorHtml(javax.servlet.http.HttpServletRequest,javax.servlet.http.HttpServletResponse)
文件记录-2018-08-28 09:32:22 [main] INFO  o.s.w.s.h.SimpleUrlHandlerMapping - Mapped URL path [/webjars/**] onto handler of type [class org.springframework.web.servlet.resource.ResourceHttpRequestHandler]
文件记录-2018-08-28 09:32:22 [main] INFO  o.s.w.s.h.SimpleUrlHandlerMapping - Mapped URL path [/**] onto handler of type [class org.springframework.web.servlet.resource.ResourceHttpRequestHandler]
文件记录-2018-08-28 09:32:22 [main] INFO  o.s.w.s.h.SimpleUrlHandlerMapping - Mapped URL path [/**/favicon.ico] onto handler of type [class org.springframework.web.servlet.resource.ResourceHttpRequestHandler]
文件记录-2018-08-28 09:32:23 [main] INFO  o.s.j.e.a.AnnotationMBeanExporter - Registering beans for JMX exposure on startup
文件记录-2018-08-28 09:32:23 [main] INFO  o.a.coyote.http11.Http11NioProtocol - Starting ProtocolHandler ["http-nio-8081"]
文件记录-2018-08-28 09:32:23 [main] INFO  o.a.tomcat.util.net.NioSelectorPool - Using a shared selector for servlet write/read
文件记录-2018-08-28 09:32:23 [main] INFO  o.s.b.c.e.t.TomcatEmbeddedServletContainer - Tomcat started on port(s): 8081 (http)
文件记录-2018-08-28 09:32:23 [main] INFO  com.example.Application - Started Application in 1.623 seconds (JVM running for 1.867)
文件记录-2018-08-28 09:32:23 [main] INFO  com.example.Application - chapter qidong
文件记录-2018-08-28 09:33:02 [main] INFO  com.example.Application - Starting Application on WIN-PIJ0M0JTUTE with PID 8020 (E:\IDEAworkplace\springBoot\target\classes started by Administrator in E:\IDEAworkplace\springBoot)
文件记录-2018-08-28 09:33:02 [main] INFO  com.example.Application - The following profiles are active: test
文件记录-2018-08-28 09:33:02 [main] INFO  o.s.b.c.e.AnnotationConfigEmbeddedWebApplicationContext - Refreshing org.springframework.boot.context.embedded.AnnotationConfigEmbeddedWebApplicationContext@4f9a3314: startup date [Tue Aug 28 09:33:02 CST 2018]; root of context hierarchy
文件记录-2018-08-28 09:33:03 [background-preinit] INFO  o.h.validator.internal.util.Version - HV000001: Hibernate Validator 5.3.6.Final
文件记录-2018-08-28 09:33:03 [main] INFO  o.s.b.c.e.t.TomcatEmbeddedServletContainer - Tomcat initialized with port(s): 8081 (http)
文件记录-2018-08-28 09:33:03 [main] INFO  o.a.coyote.http11.Http11NioProtocol - Initializing ProtocolHandler ["http-nio-8081"]
文件记录-2018-08-28 09:33:03 [main] INFO  o.a.catalina.core.StandardService - Starting service [Tomcat]
文件记录-2018-08-28 09:33:03 [main] INFO  o.a.catalina.core.StandardEngine - Starting Servlet Engine: Apache Tomcat/8.5.32
文件记录-2018-08-28 09:33:03 [localhost-startStop-1] INFO  o.a.c.c.C.[.[localhost].[/chapter] - Initializing Spring embedded WebApplicationContext
文件记录-2018-08-28 09:33:03 [localhost-startStop-1] INFO  o.s.web.context.ContextLoader - Root WebApplicationContext: initialization completed in 893 ms
文件记录-2018-08-28 09:33:03 [localhost-startStop-1] INFO  o.s.b.w.s.ServletRegistrationBean - Mapping servlet: 'dispatcherServlet' to [/]
文件记录-2018-08-28 09:33:03 [localhost-startStop-1] INFO  o.s.b.w.s.FilterRegistrationBean - Mapping filter: 'characterEncodingFilter' to: [/*]
文件记录-2018-08-28 09:33:03 [localhost-startStop-1] INFO  o.s.b.w.s.FilterRegistrationBean - Mapping filter: 'hiddenHttpMethodFilter' to: [/*]
文件记录-2018-08-28 09:33:03 [localhost-startStop-1] INFO  o.s.b.w.s.FilterRegistrationBean - Mapping filter: 'httpPutFormContentFilter' to: [/*]
文件记录-2018-08-28 09:33:03 [localhost-startStop-1] INFO  o.s.b.w.s.FilterRegistrationBean - Mapping filter: 'requestContextFilter' to: [/*]
文件记录-2018-08-28 09:33:03 [localhost-startStop-1] INFO  o.s.b.w.s.FilterRegistrationBean - Mapping filter: 'customFilter' to urls: [/*]
文件记录-2018-08-28 09:33:03 [localhost-startStop-1] INFO  com.example.filter.CustomFilter - filter 初始化
文件记录-2018-08-28 09:33:04 [main] INFO  o.s.w.s.m.m.a.RequestMappingHandlerAdapter - Looking for @ControllerAdvice: org.springframework.boot.context.embedded.AnnotationConfigEmbeddedWebApplicationContext@4f9a3314: startup date [Tue Aug 28 09:33:02 CST 2018]; root of context hierarchy
文件记录-2018-08-28 09:33:04 [main] INFO  o.s.w.s.m.m.a.RequestMappingHandlerMapping - Mapped "{[/getName],methods=[GET]}" onto public java.lang.String com.example.controller.hello.getName()
文件记录-2018-08-28 09:33:04 [main] INFO  o.s.w.s.m.m.a.RequestMappingHandlerMapping - Mapped "{[/getConfig],methods=[GET]}" onto public com.example.pojo.Config com.example.controller.hello.getConfig()
文件记录-2018-08-28 09:33:04 [main] INFO  o.s.w.s.m.m.a.RequestMappingHandlerMapping - Mapped "{[/demo],methods=[GET]}" onto public java.lang.String com.example.controller.hello.say()
文件记录-2018-08-28 09:33:04 [main] INFO  o.s.w.s.m.m.a.RequestMappingHandlerMapping - Mapped "{[/getcode],methods=[GET]}" onto public com.example.pojo.Code com.example.controller.hello.getCode()
文件记录-2018-08-28 09:33:04 [main] INFO  o.s.w.s.m.m.a.RequestMappingHandlerMapping - Mapped "{[/error]}" onto public org.springframework.http.ResponseEntity<java.util.Map<java.lang.String, java.lang.Object>> org.springframework.boot.autoconfigure.web.BasicErrorController.error(javax.servlet.http.HttpServletRequest)
文件记录-2018-08-28 09:33:04 [main] INFO  o.s.w.s.m.m.a.RequestMappingHandlerMapping - Mapped "{[/error],produces=[text/html]}" onto public org.springframework.web.servlet.ModelAndView org.springframework.boot.autoconfigure.web.BasicErrorController.errorHtml(javax.servlet.http.HttpServletRequest,javax.servlet.http.HttpServletResponse)
文件记录-2018-08-28 09:33:04 [main] INFO  o.s.w.s.h.SimpleUrlHandlerMapping - Mapped URL path [/webjars/**] onto handler of type [class org.springframework.web.servlet.resource.ResourceHttpRequestHandler]
文件记录-2018-08-28 09:33:04 [main] INFO  o.s.w.s.h.SimpleUrlHandlerMapping - Mapped URL path [/**] onto handler of type [class org.springframework.web.servlet.resource.ResourceHttpRequestHandler]
文件记录-2018-08-28 09:33:04 [main] INFO  o.s.w.s.h.SimpleUrlHandlerMapping - Mapped URL path [/**/favicon.ico] onto handler of type [class org.springframework.web.servlet.resource.ResourceHttpRequestHandler]
文件记录-2018-08-28 09:33:04 [main] INFO  o.s.j.e.a.AnnotationMBeanExporter - Registering beans for JMX exposure on startup
文件记录-2018-08-28 09:33:04 [main] INFO  o.a.coyote.http11.Http11NioProtocol - Starting ProtocolHandler ["http-nio-8081"]
文件记录-2018-08-28 09:33:04 [main] INFO  o.a.tomcat.util.net.NioSelectorPool - Using a shared selector for servlet write/read
文件记录-2018-08-28 09:33:04 [main] INFO  o.s.b.c.e.t.TomcatEmbeddedServletContainer - Tomcat started on port(s): 8081 (http)
文件记录-2018-08-28 09:33:04 [main] INFO  com.example.Application - Started Application in 1.612 seconds (JVM running for 1.878)
文件记录-2018-08-28 09:33:04 [main] INFO  com.example.Application - chapter qidong
文件记录-2018-08-28 09:34:07 [main] INFO  com.example.Application - Starting Application on WIN-PIJ0M0JTUTE with PID 12836 (E:\IDEAworkplace\springBoot\target\classes started by Administrator in E:\IDEAworkplace\springBoot)
文件记录-2018-08-28 09:34:07 [main] INFO  com.example.Application - The following profiles are active: test
文件记录-2018-08-28 09:34:07 [main] INFO  o.s.b.c.e.AnnotationConfigEmbeddedWebApplicationContext - Refreshing org.springframework.boot.context.embedded.AnnotationConfigEmbeddedWebApplicationContext@6b53e23f: startup date [Tue Aug 28 09:34:07 CST 2018]; root of context hierarchy
文件记录-2018-08-28 09:34:07 [background-preinit] INFO  o.h.validator.internal.util.Version - HV000001: Hibernate Validator 5.3.6.Final
文件记录-2018-08-28 09:34:08 [main] INFO  o.s.b.c.e.t.TomcatEmbeddedServletContainer - Tomcat initialized with port(s): 8081 (http)
文件记录-2018-08-28 09:34:08 [main] INFO  o.a.coyote.http11.Http11NioProtocol - Initializing ProtocolHandler ["http-nio-8081"]
文件记录-2018-08-28 09:34:08 [main] INFO  o.a.catalina.core.StandardService - Starting service [Tomcat]
文件记录-2018-08-28 09:34:08 [main] INFO  o.a.catalina.core.StandardEngine - Starting Servlet Engine: Apache Tomcat/8.5.32
文件记录-2018-08-28 09:34:08 [localhost-startStop-1] INFO  o.a.c.c.C.[.[localhost].[/chapter] - Initializing Spring embedded WebApplicationContext
文件记录-2018-08-28 09:34:08 [localhost-startStop-1] INFO  o.s.web.context.ContextLoader - Root WebApplicationContext: initialization completed in 881 ms
文件记录-2018-08-28 09:34:08 [localhost-startStop-1] INFO  o.s.b.w.s.ServletRegistrationBean - Mapping servlet: 'dispatcherServlet' to [/]
文件记录-2018-08-28 09:34:08 [localhost-startStop-1] INFO  o.s.b.w.s.FilterRegistrationBean - Mapping filter: 'characterEncodingFilter' to: [/*]
文件记录-2018-08-28 09:34:08 [localhost-startStop-1] INFO  o.s.b.w.s.FilterRegistrationBean - Mapping filter: 'hiddenHttpMethodFilter' to: [/*]
文件记录-2018-08-28 09:34:08 [localhost-startStop-1] INFO  o.s.b.w.s.FilterRegistrationBean - Mapping filter: 'httpPutFormContentFilter' to: [/*]
文件记录-2018-08-28 09:34:08 [localhost-startStop-1] INFO  o.s.b.w.s.FilterRegistrationBean - Mapping filter: 'requestContextFilter' to: [/*]
文件记录-2018-08-28 09:34:08 [localhost-startStop-1] INFO  o.s.b.w.s.FilterRegistrationBean - Mapping filter: 'customFilter' to urls: [/*]
文件记录-2018-08-28 09:34:08 [localhost-startStop-1] INFO  com.example.filter.CustomFilter - filter 初始化
文件记录-2018-08-28 09:34:08 [main] INFO  o.s.w.s.m.m.a.RequestMappingHandlerAdapter - Looking for @ControllerAdvice: org.springframework.boot.context.embedded.AnnotationConfigEmbeddedWebApplicationContext@6b53e23f: startup date [Tue Aug 28 09:34:07 CST 2018]; root of context hierarchy
文件记录-2018-08-28 09:34:09 [main] INFO  o.s.w.s.m.m.a.RequestMappingHandlerMapping - Mapped "{[/getName],methods=[GET]}" onto public java.lang.String com.example.controller.hello.getName()
文件记录-2018-08-28 09:34:09 [main] INFO  o.s.w.s.m.m.a.RequestMappingHandlerMapping - Mapped "{[/getConfig],methods=[GET]}" onto public com.example.pojo.Config com.example.controller.hello.getConfig()
文件记录-2018-08-28 09:34:09 [main] INFO  o.s.w.s.m.m.a.RequestMappingHandlerMapping - Mapped "{[/demo],methods=[GET]}" onto public java.lang.String com.example.controller.hello.say()
文件记录-2018-08-28 09:34:09 [main] INFO  o.s.w.s.m.m.a.RequestMappingHandlerMapping - Mapped "{[/getcode],methods=[GET]}" onto public com.example.pojo.Code com.example.controller.hello.getCode()
文件记录-2018-08-28 09:34:09 [main] INFO  o.s.w.s.m.m.a.RequestMappingHandlerMapping - Mapped "{[/error]}" onto public org.springframework.http.ResponseEntity<java.util.Map<java.lang.String, java.lang.Object>> org.springframework.boot.autoconfigure.web.BasicErrorController.error(javax.servlet.http.HttpServletRequest)
文件记录-2018-08-28 09:34:09 [main] INFO  o.s.w.s.m.m.a.RequestMappingHandlerMapping - Mapped "{[/error],produces=[text/html]}" onto public org.springframework.web.servlet.ModelAndView org.springframework.boot.autoconfigure.web.BasicErrorController.errorHtml(javax.servlet.http.HttpServletRequest,javax.servlet.http.HttpServletResponse)
文件记录-2018-08-28 09:34:09 [main] INFO  o.s.w.s.h.SimpleUrlHandlerMapping - Mapped URL path [/webjars/**] onto handler of type [class org.springframework.web.servlet.resource.ResourceHttpRequestHandler]
文件记录-2018-08-28 09:34:09 [main] INFO  o.s.w.s.h.SimpleUrlHandlerMapping - Mapped URL path [/**] onto handler of type [class org.springframework.web.servlet.resource.ResourceHttpRequestHandler]
文件记录-2018-08-28 09:34:09 [main] INFO  o.s.w.s.h.SimpleUrlHandlerMapping - Mapped URL path [/**/favicon.ico] onto handler of type [class org.springframework.web.servlet.resource.ResourceHttpRequestHandler]
文件记录-2018-08-28 09:34:09 [main] INFO  o.s.j.e.a.AnnotationMBeanExporter - Registering beans for JMX exposure on startup
文件记录-2018-08-28 09:34:09 [main] INFO  o.a.coyote.http11.Http11NioProtocol - Starting ProtocolHandler ["http-nio-8081"]
文件记录-2018-08-28 09:34:09 [main] INFO  o.a.tomcat.util.net.NioSelectorPool - Using a shared selector for servlet write/read
文件记录-2018-08-28 09:34:09 [main] INFO  o.s.b.c.e.t.TomcatEmbeddedServletContainer - Tomcat started on port(s): 8081 (http)
文件记录-2018-08-28 09:34:09 [main] INFO  com.example.Application - Started Application in 1.53 seconds (JVM running for 1.88)
文件记录-2018-08-28 09:34:09 [main] INFO  com.example.Application - chapter qidong
文件记录-2018-08-28 09:35:53 [main] INFO  com.example.Application - Starting Application on WIN-PIJ0M0JTUTE with PID 13396 (E:\IDEAworkplace\springBoot\target\classes started by Administrator in E:\IDEAworkplace\springBoot)
文件记录-2018-08-28 09:35:53 [main] INFO  com.example.Application - The following profiles are active: test
文件记录-2018-08-28 09:35:53 [main] INFO  o.s.b.c.e.AnnotationConfigEmbeddedWebApplicationContext - Refreshing org.springframework.boot.context.embedded.AnnotationConfigEmbeddedWebApplicationContext@6b53e23f: startup date [Tue Aug 28 09:35:53 CST 2018]; root of context hierarchy
文件记录-2018-08-28 09:35:54 [background-preinit] INFO  o.h.validator.internal.util.Version - HV000001: Hibernate Validator 5.3.6.Final
文件记录-2018-08-28 09:35:54 [main] INFO  o.s.b.c.e.t.TomcatEmbeddedServletContainer - Tomcat initialized with port(s): 8081 (http)
文件记录-2018-08-28 09:35:54 [main] INFO  o.a.coyote.http11.Http11NioProtocol - Initializing ProtocolHandler ["http-nio-8081"]
文件记录-2018-08-28 09:35:54 [main] INFO  o.a.catalina.core.StandardService - Starting service [Tomcat]
文件记录-2018-08-28 09:35:54 [main] INFO  o.a.catalina.core.StandardEngine - Starting Servlet Engine: Apache Tomcat/8.5.32
文件记录-2018-08-28 09:35:54 [localhost-startStop-1] INFO  o.a.c.c.C.[.[localhost].[/chapter] - Initializing Spring embedded WebApplicationContext
文件记录-2018-08-28 09:35:54 [localhost-startStop-1] INFO  o.s.web.context.ContextLoader - Root WebApplicationContext: initialization completed in 850 ms
文件记录-2018-08-28 09:35:54 [localhost-startStop-1] INFO  o.s.b.w.s.ServletRegistrationBean - Mapping servlet: 'dispatcherServlet' to [/]
文件记录-2018-08-28 09:35:54 [localhost-startStop-1] INFO  o.s.b.w.s.FilterRegistrationBean - Mapping filter: 'characterEncodingFilter' to: [/*]
文件记录-2018-08-28 09:35:54 [localhost-startStop-1] INFO  o.s.b.w.s.FilterRegistrationBean - Mapping filter: 'hiddenHttpMethodFilter' to: [/*]
文件记录-2018-08-28 09:35:54 [localhost-startStop-1] INFO  o.s.b.w.s.FilterRegistrationBean - Mapping filter: 'httpPutFormContentFilter' to: [/*]
文件记录-2018-08-28 09:35:54 [localhost-startStop-1] INFO  o.s.b.w.s.FilterRegistrationBean - Mapping filter: 'requestContextFilter' to: [/*]
文件记录-2018-08-28 09:35:54 [localhost-startStop-1] INFO  o.s.b.w.s.FilterRegistrationBean - Mapping filter: 'customFilter' to urls: [/*]
文件记录-2018-08-28 09:35:54 [localhost-startStop-1] INFO  com.example.filter.CustomFilter - filter 初始化
文件记录-2018-08-28 09:35:54 [main] INFO  o.s.w.s.m.m.a.RequestMappingHandlerAdapter - Looking for @ControllerAdvice: org.springframework.boot.context.embedded.AnnotationConfigEmbeddedWebApplicationContext@6b53e23f: startup date [Tue Aug 28 09:35:53 CST 2018]; root of context hierarchy
文件记录-2018-08-28 09:35:55 [main] INFO  o.s.w.s.m.m.a.RequestMappingHandlerMapping - Mapped "{[/getName],methods=[GET]}" onto public java.lang.String com.example.controller.hello.getName()
文件记录-2018-08-28 09:35:55 [main] INFO  o.s.w.s.m.m.a.RequestMappingHandlerMapping - Mapped "{[/getConfig],methods=[GET]}" onto public com.example.pojo.Config com.example.controller.hello.getConfig()
文件记录-2018-08-28 09:35:55 [main] INFO  o.s.w.s.m.m.a.RequestMappingHandlerMapping - Mapped "{[/getcode],methods=[GET]}" onto public com.example.pojo.Code com.example.controller.hello.getCode()
文件记录-2018-08-28 09:35:55 [main] INFO  o.s.w.s.m.m.a.RequestMappingHandlerMapping - Mapped "{[/demo],methods=[GET]}" onto public java.lang.String com.example.controller.hello.say()
文件记录-2018-08-28 09:35:55 [main] INFO  o.s.w.s.m.m.a.RequestMappingHandlerMapping - Mapped "{[/error]}" onto public org.springframework.http.ResponseEntity<java.util.Map<java.lang.String, java.lang.Object>> org.springframework.boot.autoconfigure.web.BasicErrorController.error(javax.servlet.http.HttpServletRequest)
文件记录-2018-08-28 09:35:55 [main] INFO  o.s.w.s.m.m.a.RequestMappingHandlerMapping - Mapped "{[/error],produces=[text/html]}" onto public org.springframework.web.servlet.ModelAndView org.springframework.boot.autoconfigure.web.BasicErrorController.errorHtml(javax.servlet.http.HttpServletRequest,javax.servlet.http.HttpServletResponse)
文件记录-2018-08-28 09:35:55 [main] INFO  o.s.w.s.h.SimpleUrlHandlerMapping - Mapped URL path [/webjars/**] onto handler of type [class org.springframework.web.servlet.resource.ResourceHttpRequestHandler]
文件记录-2018-08-28 09:35:55 [main] INFO  o.s.w.s.h.SimpleUrlHandlerMapping - Mapped URL path [/**] onto handler of type [class org.springframework.web.servlet.resource.ResourceHttpRequestHandler]
文件记录-2018-08-28 09:35:55 [main] INFO  o.s.w.s.h.SimpleUrlHandlerMapping - Mapped URL path [/**/favicon.ico] onto handler of type [class org.springframework.web.servlet.resource.ResourceHttpRequestHandler]
文件记录-2018-08-28 09:35:55 [main] INFO  o.s.j.e.a.AnnotationMBeanExporter - Registering beans for JMX exposure on startup
文件记录-2018-08-28 09:35:55 [main] INFO  o.a.coyote.http11.Http11NioProtocol - Starting ProtocolHandler ["http-nio-8081"]
文件记录-2018-08-28 09:35:55 [main] INFO  o.a.tomcat.util.net.NioSelectorPool - Using a shared selector for servlet write/read
文件记录-2018-08-28 09:35:55 [main] INFO  o.s.b.c.e.t.TomcatEmbeddedServletContainer - Tomcat started on port(s): 8081 (http)
文件记录-2018-08-28 09:35:55 [main] INFO  com.example.Application - Started Application in 1.51 seconds (JVM running for 1.872)
文件记录-2018-08-28 09:35:55 [main] INFO  com.example.Application - chapter qidong
文件记录-2018-08-28 09:38:52 [main] INFO  com.example.Application - Starting Application on WIN-PIJ0M0JTUTE with PID 13564 (E:\IDEAworkplace\springBoot\target\classes started by Administrator in E:\IDEAworkplace\springBoot)
文件记录-2018-08-28 09:38:52 [main] INFO  com.example.Application - The following profiles are active: test
文件记录-2018-08-28 09:38:52 [main] INFO  o.s.b.c.e.AnnotationConfigEmbeddedWebApplicationContext - Refreshing org.springframework.boot.context.embedded.AnnotationConfigEmbeddedWebApplicationContext@6b53e23f: startup date [Tue Aug 28 09:38:52 CST 2018]; root of context hierarchy
文件记录-2018-08-28 09:38:52 [background-preinit] INFO  o.h.validator.internal.util.Version - HV000001: Hibernate Validator 5.3.6.Final
文件记录-2018-08-28 09:38:52 [main] INFO  o.s.b.c.e.t.TomcatEmbeddedServletContainer - Tomcat initialized with port(s): 8081 (http)
文件记录-2018-08-28 09:38:52 [main] INFO  o.a.coyote.http11.Http11NioProtocol - Initializing ProtocolHandler ["http-nio-8081"]
文件记录-2018-08-28 09:38:52 [main] INFO  o.a.catalina.core.StandardService - Starting service [Tomcat]
文件记录-2018-08-28 09:38:52 [main] INFO  o.a.catalina.core.StandardEngine - Starting Servlet Engine: Apache Tomcat/8.5.32
文件记录-2018-08-28 09:38:52 [localhost-startStop-1] INFO  o.a.c.c.C.[.[localhost].[/chapter] - Initializing Spring embedded WebApplicationContext
文件记录-2018-08-28 09:38:52 [localhost-startStop-1] INFO  o.s.web.context.ContextLoader - Root WebApplicationContext: initialization completed in 841 ms
文件记录-2018-08-28 09:38:52 [localhost-startStop-1] INFO  o.s.b.w.s.ServletRegistrationBean - Mapping servlet: 'dispatcherServlet' to [/]
文件记录-2018-08-28 09:38:52 [localhost-startStop-1] INFO  o.s.b.w.s.FilterRegistrationBean - Mapping filter: 'characterEncodingFilter' to: [/*]
文件记录-2018-08-28 09:38:52 [localhost-startStop-1] INFO  o.s.b.w.s.FilterRegistrationBean - Mapping filter: 'hiddenHttpMethodFilter' to: [/*]
文件记录-2018-08-28 09:38:52 [localhost-startStop-1] INFO  o.s.b.w.s.FilterRegistrationBean - Mapping filter: 'httpPutFormContentFilter' to: [/*]
文件记录-2018-08-28 09:38:52 [localhost-startStop-1] INFO  o.s.b.w.s.FilterRegistrationBean - Mapping filter: 'requestContextFilter' to: [/*]
文件记录-2018-08-28 09:38:52 [localhost-startStop-1] INFO  o.s.b.w.s.FilterRegistrationBean - Mapping filter: 'customFilter' to urls: [/*]
文件记录-2018-08-28 09:38:52 [localhost-startStop-1] INFO  com.example.filter.CustomFilter - filter 初始化
文件记录-2018-08-28 09:38:53 [main] INFO  o.s.w.s.m.m.a.RequestMappingHandlerAdapter - Looking for @ControllerAdvice: org.springframework.boot.context.embedded.AnnotationConfigEmbeddedWebApplicationContext@6b53e23f: startup date [Tue Aug 28 09:38:52 CST 2018]; root of context hierarchy
文件记录-2018-08-28 09:38:53 [main] INFO  o.s.w.s.m.m.a.RequestMappingHandlerMapping - Mapped "{[/getName],methods=[GET]}" onto public java.lang.String com.example.controller.hello.getName()
文件记录-2018-08-28 09:38:53 [main] INFO  o.s.w.s.m.m.a.RequestMappingHandlerMapping - Mapped "{[/getConfig],methods=[GET]}" onto public com.example.pojo.Config com.example.controller.hello.getConfig()
文件记录-2018-08-28 09:38:53 [main] INFO  o.s.w.s.m.m.a.RequestMappingHandlerMapping - Mapped "{[/getcode],methods=[GET]}" onto public com.example.pojo.Code com.example.controller.hello.getCode()
文件记录-2018-08-28 09:38:53 [main] INFO  o.s.w.s.m.m.a.RequestMappingHandlerMapping - Mapped "{[/demo],methods=[GET]}" onto public java.lang.String com.example.controller.hello.say()
文件记录-2018-08-28 09:38:53 [main] INFO  o.s.w.s.m.m.a.RequestMappingHandlerMapping - Mapped "{[/error]}" onto public org.springframework.http.ResponseEntity<java.util.Map<java.lang.String, java.lang.Object>> org.springframework.boot.autoconfigure.web.BasicErrorController.error(javax.servlet.http.HttpServletRequest)
文件记录-2018-08-28 09:38:53 [main] INFO  o.s.w.s.m.m.a.RequestMappingHandlerMapping - Mapped "{[/error],produces=[text/html]}" onto public org.springframework.web.servlet.ModelAndView org.springframework.boot.autoconfigure.web.BasicErrorController.errorHtml(javax.servlet.http.HttpServletRequest,javax.servlet.http.HttpServletResponse)
文件记录-2018-08-28 09:38:53 [main] INFO  o.s.w.s.h.SimpleUrlHandlerMapping - Mapped URL path [/webjars/**] onto handler of type [class org.springframework.web.servlet.resource.ResourceHttpRequestHandler]
文件记录-2018-08-28 09:38:53 [main] INFO  o.s.w.s.h.SimpleUrlHandlerMapping - Mapped URL path [/**] onto handler of type [class org.springframework.web.servlet.resource.ResourceHttpRequestHandler]
文件记录-2018-08-28 09:38:53 [main] INFO  o.s.w.s.h.SimpleUrlHandlerMapping - Mapped URL path [/**/favicon.ico] onto handler of type [class org.springframework.web.servlet.resource.ResourceHttpRequestHandler]
文件记录-2018-08-28 09:38:53 [main] INFO  o.s.j.e.a.AnnotationMBeanExporter - Registering beans for JMX exposure on startup
文件记录-2018-08-28 09:38:53 [main] INFO  o.a.coyote.http11.Http11NioProtocol - Starting ProtocolHandler ["http-nio-8081"]
文件记录-2018-08-28 09:38:53 [main] INFO  o.a.tomcat.util.net.NioSelectorPool - Using a shared selector for servlet write/read
文件记录-2018-08-28 09:38:53 [main] INFO  o.s.b.c.e.t.TomcatEmbeddedServletContainer - Tomcat started on port(s): 8081 (http)
文件记录-2018-08-28 09:38:53 [main] INFO  com.example.Application - Started Application in 1.491 seconds (JVM running for 1.845)
文件记录-2018-08-28 09:38:53 [main] INFO  com.example.Application - chapter qidong
文件记录-2018-08-28 10:49:42 [http-nio-8081-exec-1] INFO  com.example.listener.Customlistener - Listen：初始化
文件记录-2018-08-28 10:49:42 [http-nio-8081-exec-1] INFO  o.a.c.c.C.[.[localhost].[/chapter] - Initializing Spring FrameworkServlet 'dispatcherServlet'
文件记录-2018-08-28 10:49:42 [http-nio-8081-exec-1] INFO  o.s.web.servlet.DispatcherServlet - FrameworkServlet 'dispatcherServlet': initialization started
文件记录-2018-08-28 10:49:42 [http-nio-8081-exec-1] INFO  o.s.web.servlet.DispatcherServlet - FrameworkServlet 'dispatcherServlet': initialization completed in 18 ms
文件记录-2018-08-28 10:49:42 [http-nio-8081-exec-1] INFO  com.example.filter.CustomFilter - 请求处理
文件记录-2018-08-28 10:49:42 [http-nio-8081-exec-1] INFO  c.e.I.CustomHandlerInterceptor - preHandle:请求前调用
文件记录-2018-08-28 10:49:42 [http-nio-8081-exec-1] INFO  com.example.controller.hello - getcode111
文件记录-2018-08-28 10:49:42 [http-nio-8081-exec-1] INFO  c.e.I.CustomHandlerInterceptor - postHandle:请求后调用
文件记录-2018-08-28 10:49:42 [http-nio-8081-exec-1] INFO  c.e.I.CustomHandlerInterceptor - afterCompletion:请求调用完成后回调方法，即在视图渲染完成后回调
文件记录-2018-08-28 10:49:42 [http-nio-8081-exec-1] INFO  com.example.listener.Customlistener - Listen：销毁
文件记录-2018-08-28 11:19:19 [main] INFO  com.example.Application - Starting Application on WIN-PIJ0M0JTUTE with PID 10828 (E:\IDEAworkplace\springBoot\target\classes started by Administrator in E:\IDEAworkplace\springBoot)
文件记录-2018-08-28 11:19:19 [main] INFO  com.example.Application - The following profiles are active: test
文件记录-2018-08-28 11:19:19 [main] INFO  o.s.b.c.e.AnnotationConfigEmbeddedWebApplicationContext - Refreshing org.springframework.boot.context.embedded.AnnotationConfigEmbeddedWebApplicationContext@6b53e23f: startup date [Tue Aug 28 11:19:19 CST 2018]; root of context hierarchy
文件记录-2018-08-28 11:19:19 [background-preinit] INFO  o.h.validator.internal.util.Version - HV000001: Hibernate Validator 5.3.6.Final
文件记录-2018-08-28 11:19:20 [main] INFO  o.s.b.c.e.t.TomcatEmbeddedServletContainer - Tomcat initialized with port(s): 8081 (http)
文件记录-2018-08-28 11:19:20 [main] INFO  o.a.coyote.http11.Http11NioProtocol - Initializing ProtocolHandler ["http-nio-8081"]
文件记录-2018-08-28 11:19:20 [main] INFO  o.a.catalina.core.StandardService - Starting service [Tomcat]
文件记录-2018-08-28 11:19:20 [main] INFO  o.a.catalina.core.StandardEngine - Starting Servlet Engine: Apache Tomcat/8.5.32
文件记录-2018-08-28 11:19:20 [localhost-startStop-1] INFO  o.a.c.c.C.[.[localhost].[/chapter] - Initializing Spring embedded WebApplicationContext
文件记录-2018-08-28 11:19:20 [localhost-startStop-1] INFO  o.s.web.context.ContextLoader - Root WebApplicationContext: initialization completed in 876 ms
文件记录-2018-08-28 11:19:20 [localhost-startStop-1] INFO  o.s.b.w.s.ServletRegistrationBean - Mapping servlet: 'dispatcherServlet' to [/]
文件记录-2018-08-28 11:19:20 [localhost-startStop-1] INFO  o.s.b.w.s.FilterRegistrationBean - Mapping filter: 'characterEncodingFilter' to: [/*]
文件记录-2018-08-28 11:19:20 [localhost-startStop-1] INFO  o.s.b.w.s.FilterRegistrationBean - Mapping filter: 'hiddenHttpMethodFilter' to: [/*]
文件记录-2018-08-28 11:19:20 [localhost-startStop-1] INFO  o.s.b.w.s.FilterRegistrationBean - Mapping filter: 'httpPutFormContentFilter' to: [/*]
文件记录-2018-08-28 11:19:20 [localhost-startStop-1] INFO  o.s.b.w.s.FilterRegistrationBean - Mapping filter: 'requestContextFilter' to: [/*]
文件记录-2018-08-28 11:19:20 [localhost-startStop-1] INFO  o.s.b.w.s.FilterRegistrationBean - Mapping filter: 'customFilter' to urls: [/*]
文件记录-2018-08-28 11:19:20 [localhost-startStop-1] INFO  com.example.filter.CustomFilter - filter 初始化
文件记录-2018-08-28 11:19:20 [main] INFO  o.s.w.s.m.m.a.RequestMappingHandlerAdapter - Looking for @ControllerAdvice: org.springframework.boot.context.embedded.AnnotationConfigEmbeddedWebApplicationContext@6b53e23f: startup date [Tue Aug 28 11:19:19 CST 2018]; root of context hierarchy
文件记录-2018-08-28 11:19:20 [main] INFO  o.s.w.s.m.m.a.RequestMappingHandlerMapping - Mapped "{[/getName],methods=[GET]}" onto public java.lang.String com.example.controller.hello.getName()
文件记录-2018-08-28 11:19:20 [main] INFO  o.s.w.s.m.m.a.RequestMappingHandlerMapping - Mapped "{[/getConfig],methods=[GET]}" onto public com.example.pojo.Config com.example.controller.hello.getConfig()
文件记录-2018-08-28 11:19:20 [main] INFO  o.s.w.s.m.m.a.RequestMappingHandlerMapping - Mapped "{[/getcode],methods=[GET]}" onto public com.example.pojo.Code com.example.controller.hello.getCode()
文件记录-2018-08-28 11:19:20 [main] INFO  o.s.w.s.m.m.a.RequestMappingHandlerMapping - Mapped "{[/demo],methods=[GET]}" onto public java.lang.String com.example.controller.hello.say()
文件记录-2018-08-28 11:19:20 [main] INFO  o.s.w.s.m.m.a.RequestMappingHandlerMapping - Mapped "{[/error]}" onto public org.springframework.http.ResponseEntity<java.util.Map<java.lang.String, java.lang.Object>> org.springframework.boot.autoconfigure.web.BasicErrorController.error(javax.servlet.http.HttpServletRequest)
文件记录-2018-08-28 11:19:20 [main] INFO  o.s.w.s.m.m.a.RequestMappingHandlerMapping - Mapped "{[/error],produces=[text/html]}" onto public org.springframework.web.servlet.ModelAndView org.springframework.boot.autoconfigure.web.BasicErrorController.errorHtml(javax.servlet.http.HttpServletRequest,javax.servlet.http.HttpServletResponse)
文件记录-2018-08-28 11:19:20 [main] INFO  o.s.w.s.h.SimpleUrlHandlerMapping - Mapped URL path [/webjars/**] onto handler of type [class org.springframework.web.servlet.resource.ResourceHttpRequestHandler]
文件记录-2018-08-28 11:19:20 [main] INFO  o.s.w.s.h.SimpleUrlHandlerMapping - Mapped URL path [/**] onto handler of type [class org.springframework.web.servlet.resource.ResourceHttpRequestHandler]
文件记录-2018-08-28 11:19:20 [main] INFO  o.s.w.s.m.m.a.ExceptionHandlerExceptionResolver - Detected @ExceptionHandler methods in commonExceptionHandler
文件记录-2018-08-28 11:19:20 [main] INFO  o.s.w.s.h.SimpleUrlHandlerMapping - Mapped URL path [/**/favicon.ico] onto handler of type [class org.springframework.web.servlet.resource.ResourceHttpRequestHandler]
文件记录-2018-08-28 11:19:20 [main] INFO  o.s.j.e.a.AnnotationMBeanExporter - Registering beans for JMX exposure on startup
文件记录-2018-08-28 11:19:20 [main] INFO  o.a.coyote.http11.Http11NioProtocol - Starting ProtocolHandler ["http-nio-8081"]
文件记录-2018-08-28 11:19:20 [main] INFO  o.a.tomcat.util.net.NioSelectorPool - Using a shared selector for servlet write/read
文件记录-2018-08-28 11:19:20 [main] INFO  o.s.b.c.e.t.TomcatEmbeddedServletContainer - Tomcat started on port(s): 8081 (http)
文件记录-2018-08-28 11:19:20 [main] INFO  com.example.Application - Started Application in 1.559 seconds (JVM running for 1.895)
文件记录-2018-08-28 11:19:20 [main] INFO  com.example.Application - chapter qidong
文件记录-2018-08-28 11:20:25 [http-nio-8081-exec-1] INFO  com.example.listener.Customlistener - Listen：初始化
文件记录-2018-08-28 11:20:25 [http-nio-8081-exec-1] INFO  o.a.c.c.C.[.[localhost].[/chapter] - Initializing Spring FrameworkServlet 'dispatcherServlet'
文件记录-2018-08-28 11:20:25 [http-nio-8081-exec-1] INFO  o.s.web.servlet.DispatcherServlet - FrameworkServlet 'dispatcherServlet': initialization started
文件记录-2018-08-28 11:20:25 [http-nio-8081-exec-1] INFO  o.s.web.servlet.DispatcherServlet - FrameworkServlet 'dispatcherServlet': initialization completed in 12 ms
文件记录-2018-08-28 11:20:25 [http-nio-8081-exec-1] INFO  com.example.filter.CustomFilter - 请求处理
文件记录-2018-08-28 11:20:25 [http-nio-8081-exec-1] INFO  c.e.I.CustomHandlerInterceptor - preHandle:请求前调用
文件记录-2018-08-28 11:20:25 [http-nio-8081-exec-1] INFO  com.example.controller.hello - getcode111
文件记录-2018-08-28 11:20:25 [http-nio-8081-exec-1] INFO  c.e.I.CustomHandlerInterceptor - afterCompletion:请求调用完成后回调方法，即在视图渲染完成后回调
文件记录-2018-08-28 11:20:25 [http-nio-8081-exec-1] INFO  com.example.listener.Customlistener - Listen：销毁
文件记录-2018-08-28 11:42:10 [main] INFO  com.example.Application - Starting Application on WIN-PIJ0M0JTUTE with PID 10788 (E:\IDEAworkplace\springBoot\target\classes started by Administrator in E:\IDEAworkplace\springBoot)
文件记录-2018-08-28 11:42:10 [main] INFO  com.example.Application - The following profiles are active: test
文件记录-2018-08-28 11:42:10 [main] INFO  o.s.b.c.e.AnnotationConfigEmbeddedWebApplicationContext - Refreshing org.springframework.boot.context.embedded.AnnotationConfigEmbeddedWebApplicationContext@6b53e23f: startup date [Tue Aug 28 11:42:10 CST 2018]; root of context hierarchy
文件记录-2018-08-28 11:42:10 [background-preinit] INFO  o.h.validator.internal.util.Version - HV000001: Hibernate Validator 5.3.6.Final
文件记录-2018-08-28 11:42:11 [main] INFO  o.s.b.c.e.t.TomcatEmbeddedServletContainer - Tomcat initialized with port(s): 8081 (http)
文件记录-2018-08-28 11:42:11 [main] INFO  o.a.coyote.http11.Http11NioProtocol - Initializing ProtocolHandler ["http-nio-8081"]
文件记录-2018-08-28 11:42:11 [main] INFO  o.a.catalina.core.StandardService - Starting service [Tomcat]
文件记录-2018-08-28 11:42:11 [main] INFO  o.a.catalina.core.StandardEngine - Starting Servlet Engine: Apache Tomcat/8.5.32
文件记录-2018-08-28 11:42:11 [localhost-startStop-1] INFO  o.a.c.c.C.[.[localhost].[/chapter] - Initializing Spring embedded WebApplicationContext
文件记录-2018-08-28 11:42:11 [localhost-startStop-1] INFO  o.s.web.context.ContextLoader - Root WebApplicationContext: initialization completed in 817 ms
文件记录-2018-08-28 11:42:11 [localhost-startStop-1] INFO  o.s.b.w.s.ServletRegistrationBean - Mapping servlet: 'dispatcherServlet' to [/]
文件记录-2018-08-28 11:42:11 [localhost-startStop-1] INFO  o.s.b.w.s.FilterRegistrationBean - Mapping filter: 'characterEncodingFilter' to: [/*]
文件记录-2018-08-28 11:42:11 [localhost-startStop-1] INFO  o.s.b.w.s.FilterRegistrationBean - Mapping filter: 'hiddenHttpMethodFilter' to: [/*]
文件记录-2018-08-28 11:42:11 [localhost-startStop-1] INFO  o.s.b.w.s.FilterRegistrationBean - Mapping filter: 'httpPutFormContentFilter' to: [/*]
文件记录-2018-08-28 11:42:11 [localhost-startStop-1] INFO  o.s.b.w.s.FilterRegistrationBean - Mapping filter: 'requestContextFilter' to: [/*]
文件记录-2018-08-28 11:42:11 [localhost-startStop-1] INFO  o.s.b.w.s.FilterRegistrationBean - Mapping filter: 'customFilter' to urls: [/*]
文件记录-2018-08-28 11:42:11 [localhost-startStop-1] INFO  com.example.filter.CustomFilter - filter 初始化
文件记录-2018-08-28 11:42:11 [main] INFO  o.s.w.s.m.m.a.RequestMappingHandlerAdapter - Looking for @ControllerAdvice: org.springframework.boot.context.embedded.AnnotationConfigEmbeddedWebApplicationContext@6b53e23f: startup date [Tue Aug 28 11:42:10 CST 2018]; root of context hierarchy
文件记录-2018-08-28 11:42:11 [main] INFO  o.s.w.s.m.m.a.RequestMappingHandlerMapping - Mapped "{[/getName],methods=[GET]}" onto public java.lang.String com.example.controller.hello.getName()
文件记录-2018-08-28 11:42:11 [main] INFO  o.s.w.s.m.m.a.RequestMappingHandlerMapping - Mapped "{[/getConfig],methods=[GET]}" onto public com.example.pojo.Config com.example.controller.hello.getConfig()
文件记录-2018-08-28 11:42:11 [main] INFO  o.s.w.s.m.m.a.RequestMappingHandlerMapping - Mapped "{[/getcode],methods=[GET]}" onto public com.example.pojo.Code com.example.controller.hello.getCode()
文件记录-2018-08-28 11:42:11 [main] INFO  o.s.w.s.m.m.a.RequestMappingHandlerMapping - Mapped "{[/getUser],methods=[GET]}" onto public com.example.pojo.User com.example.controller.hello.getUser()
文件记录-2018-08-28 11:42:11 [main] INFO  o.s.w.s.m.m.a.RequestMappingHandlerMapping - Mapped "{[/demo],methods=[GET]}" onto public java.lang.String com.example.controller.hello.say()
文件记录-2018-08-28 11:42:11 [main] INFO  o.s.w.s.m.m.a.RequestMappingHandlerMapping - Mapped "{[/error]}" onto public org.springframework.http.ResponseEntity<java.util.Map<java.lang.String, java.lang.Object>> org.springframework.boot.autoconfigure.web.BasicErrorController.error(javax.servlet.http.HttpServletRequest)
文件记录-2018-08-28 11:42:11 [main] INFO  o.s.w.s.m.m.a.RequestMappingHandlerMapping - Mapped "{[/error],produces=[text/html]}" onto public org.springframework.web.servlet.ModelAndView org.springframework.boot.autoconfigure.web.BasicErrorController.errorHtml(javax.servlet.http.HttpServletRequest,javax.servlet.http.HttpServletResponse)
文件记录-2018-08-28 11:42:11 [main] INFO  o.s.w.s.h.SimpleUrlHandlerMapping - Mapped URL path [/webjars/**] onto handler of type [class org.springframework.web.servlet.resource.ResourceHttpRequestHandler]
文件记录-2018-08-28 11:42:11 [main] INFO  o.s.w.s.h.SimpleUrlHandlerMapping - Mapped URL path [/**] onto handler of type [class org.springframework.web.servlet.resource.ResourceHttpRequestHandler]
文件记录-2018-08-28 11:42:11 [main] INFO  o.s.w.s.m.m.a.ExceptionHandlerExceptionResolver - Detected @ExceptionHandler methods in commonExceptionHandler
文件记录-2018-08-28 11:42:11 [main] INFO  o.s.w.s.h.SimpleUrlHandlerMapping - Mapped URL path [/**/favicon.ico] onto handler of type [class org.springframework.web.servlet.resource.ResourceHttpRequestHandler]
文件记录-2018-08-28 11:42:12 [main] INFO  o.s.j.e.a.AnnotationMBeanExporter - Registering beans for JMX exposure on startup
文件记录-2018-08-28 11:42:12 [main] INFO  o.a.coyote.http11.Http11NioProtocol - Starting ProtocolHandler ["http-nio-8081"]
文件记录-2018-08-28 11:42:12 [main] INFO  o.a.tomcat.util.net.NioSelectorPool - Using a shared selector for servlet write/read
文件记录-2018-08-28 11:42:12 [main] INFO  o.s.b.c.e.t.TomcatEmbeddedServletContainer - Tomcat started on port(s): 8081 (http)
文件记录-2018-08-28 11:42:12 [main] INFO  com.example.Application - Started Application in 1.481 seconds (JVM running for 1.861)
文件记录-2018-08-28 11:42:12 [main] INFO  com.example.Application - chapter qidong
文件记录-2018-08-28 11:42:16 [http-nio-8081-exec-1] INFO  com.example.listener.Customlistener - Listen：初始化
文件记录-2018-08-28 11:42:16 [http-nio-8081-exec-1] INFO  o.a.c.c.C.[.[localhost].[/chapter] - Initializing Spring FrameworkServlet 'dispatcherServlet'
文件记录-2018-08-28 11:42:16 [http-nio-8081-exec-1] INFO  o.s.web.servlet.DispatcherServlet - FrameworkServlet 'dispatcherServlet': initialization started
文件记录-2018-08-28 11:42:16 [http-nio-8081-exec-1] INFO  o.s.web.servlet.DispatcherServlet - FrameworkServlet 'dispatcherServlet': initialization completed in 13 ms
文件记录-2018-08-28 11:42:16 [http-nio-8081-exec-1] INFO  com.example.filter.CustomFilter - 请求处理
文件记录-2018-08-28 11:42:16 [http-nio-8081-exec-1] INFO  c.e.I.CustomHandlerInterceptor - preHandle:请求前调用
文件记录-2018-08-28 11:42:16 [http-nio-8081-exec-1] INFO  com.example.controller.hello - getcode111
文件记录-2018-08-28 11:42:16 [http-nio-8081-exec-1] INFO  c.e.I.CustomHandlerInterceptor - afterCompletion:请求调用完成后回调方法，即在视图渲染完成后回调
文件记录-2018-08-28 11:42:16 [http-nio-8081-exec-1] INFO  com.example.listener.Customlistener - Listen：销毁
文件记录-2018-08-28 11:42:24 [http-nio-8081-exec-2] INFO  com.example.listener.Customlistener - Listen：初始化
文件记录-2018-08-28 11:42:24 [http-nio-8081-exec-2] INFO  com.example.filter.CustomFilter - 请求处理
文件记录-2018-08-28 11:42:24 [http-nio-8081-exec-2] INFO  c.e.I.CustomHandlerInterceptor - preHandle:请求前调用
文件记录-2018-08-28 11:42:24 [http-nio-8081-exec-2] INFO  c.e.I.CustomHandlerInterceptor - postHandle:请求后调用
文件记录-2018-08-28 11:42:24 [http-nio-8081-exec-2] INFO  c.e.I.CustomHandlerInterceptor - afterCompletion:请求调用完成后回调方法，即在视图渲染完成后回调
文件记录-2018-08-28 11:42:24 [http-nio-8081-exec-2] INFO  com.example.listener.Customlistener - Listen：销毁
文件记录-2018-09-03 09:27:01 [main] INFO  com.example.Application - Starting Application on WIN-PIJ0M0JTUTE with PID 11544 (E:\IDEAworkplace\springBoot\target\classes started by Administrator in E:\IDEAworkplace\springBoot)
文件记录-2018-09-03 09:27:01 [main] INFO  com.example.Application - The following profiles are active: test
文件记录-2018-09-03 09:27:01 [main] INFO  o.s.b.c.e.AnnotationConfigEmbeddedWebApplicationContext - Refreshing org.springframework.boot.context.embedded.AnnotationConfigEmbeddedWebApplicationContext@6b53e23f: startup date [Mon Sep 03 09:27:01 CST 2018]; root of context hierarchy
文件记录-2018-09-03 09:27:01 [background-preinit] INFO  o.h.validator.internal.util.Version - HV000001: Hibernate Validator 5.3.6.Final
文件记录-2018-09-03 09:27:02 [main] INFO  o.s.b.c.e.t.TomcatEmbeddedServletContainer - Tomcat initialized with port(s): 8081 (http)
文件记录-2018-09-03 09:27:02 [main] INFO  o.a.coyote.http11.Http11NioProtocol - Initializing ProtocolHandler ["http-nio-8081"]
文件记录-2018-09-03 09:27:02 [main] INFO  o.a.catalina.core.StandardService - Starting service [Tomcat]
文件记录-2018-09-03 09:27:02 [main] INFO  o.a.catalina.core.StandardEngine - Starting Servlet Engine: Apache Tomcat/8.5.32
文件记录-2018-09-03 09:27:02 [localhost-startStop-1] INFO  o.a.c.c.C.[.[localhost].[/chapter] - Initializing Spring embedded WebApplicationContext
文件记录-2018-09-03 09:27:02 [localhost-startStop-1] INFO  o.s.web.context.ContextLoader - Root WebApplicationContext: initialization completed in 849 ms
文件记录-2018-09-03 09:27:02 [localhost-startStop-1] INFO  o.s.b.w.s.ServletRegistrationBean - Mapping servlet: 'dispatcherServlet' to [/]
文件记录-2018-09-03 09:27:02 [localhost-startStop-1] INFO  o.s.b.w.s.FilterRegistrationBean - Mapping filter: 'characterEncodingFilter' to: [/*]
文件记录-2018-09-03 09:27:02 [localhost-startStop-1] INFO  o.s.b.w.s.FilterRegistrationBean - Mapping filter: 'hiddenHttpMethodFilter' to: [/*]
文件记录-2018-09-03 09:27:02 [localhost-startStop-1] INFO  o.s.b.w.s.FilterRegistrationBean - Mapping filter: 'httpPutFormContentFilter' to: [/*]
文件记录-2018-09-03 09:27:02 [localhost-startStop-1] INFO  o.s.b.w.s.FilterRegistrationBean - Mapping filter: 'requestContextFilter' to: [/*]
文件记录-2018-09-03 09:27:02 [localhost-startStop-1] INFO  o.s.b.w.s.FilterRegistrationBean - Mapping filter: 'customFilter' to urls: [/*]
文件记录-2018-09-03 09:27:02 [localhost-startStop-1] INFO  com.example.filter.CustomFilter - filter 初始化
文件记录-2018-09-03 09:27:02 [main] INFO  o.s.w.s.m.m.a.RequestMappingHandlerAdapter - Looking for @ControllerAdvice: org.springframework.boot.context.embedded.AnnotationConfigEmbeddedWebApplicationContext@6b53e23f: startup date [Mon Sep 03 09:27:01 CST 2018]; root of context hierarchy
文件记录-2018-09-03 09:27:02 [main] INFO  o.s.w.s.m.m.a.RequestMappingHandlerMapping - Mapped "{[/getName],methods=[GET]}" onto public java.lang.String com.example.controller.hello.getName()
文件记录-2018-09-03 09:27:02 [main] INFO  o.s.w.s.m.m.a.RequestMappingHandlerMapping - Mapped "{[/getConfig],methods=[GET]}" onto public com.example.pojo.Config com.example.controller.hello.getConfig()
文件记录-2018-09-03 09:27:02 [main] INFO  o.s.w.s.m.m.a.RequestMappingHandlerMapping - Mapped "{[/demo],methods=[GET]}" onto public java.lang.String com.example.controller.hello.say()
文件记录-2018-09-03 09:27:02 [main] INFO  o.s.w.s.m.m.a.RequestMappingHandlerMapping - Mapped "{[/getUser],methods=[GET]}" onto public com.example.pojo.User com.example.controller.hello.getUser()
文件记录-2018-09-03 09:27:02 [main] INFO  o.s.w.s.m.m.a.RequestMappingHandlerMapping - Mapped "{[/getcode],methods=[GET]}" onto public com.example.pojo.Code com.example.controller.hello.getCode()
文件记录-2018-09-03 09:27:02 [main] INFO  o.s.w.s.m.m.a.RequestMappingHandlerMapping - Mapped "{[/error]}" onto public org.springframework.http.ResponseEntity<java.util.Map<java.lang.String, java.lang.Object>> org.springframework.boot.autoconfigure.web.BasicErrorController.error(javax.servlet.http.HttpServletRequest)
文件记录-2018-09-03 09:27:02 [main] INFO  o.s.w.s.m.m.a.RequestMappingHandlerMapping - Mapped "{[/error],produces=[text/html]}" onto public org.springframework.web.servlet.ModelAndView org.springframework.boot.autoconfigure.web.BasicErrorController.errorHtml(javax.servlet.http.HttpServletRequest,javax.servlet.http.HttpServletResponse)
文件记录-2018-09-03 09:27:02 [main] INFO  o.s.w.s.h.SimpleUrlHandlerMapping - Mapped URL path [/webjars/**] onto handler of type [class org.springframework.web.servlet.resource.ResourceHttpRequestHandler]
文件记录-2018-09-03 09:27:02 [main] INFO  o.s.w.s.h.SimpleUrlHandlerMapping - Mapped URL path [/**] onto handler of type [class org.springframework.web.servlet.resource.ResourceHttpRequestHandler]
文件记录-2018-09-03 09:27:02 [main] INFO  o.s.w.s.m.m.a.ExceptionHandlerExceptionResolver - Detected @ExceptionHandler methods in commonExceptionHandler
文件记录-2018-09-03 09:27:02 [main] INFO  o.s.w.s.h.SimpleUrlHandlerMapping - Mapped URL path [/**/favicon.ico] onto handler of type [class org.springframework.web.servlet.resource.ResourceHttpRequestHandler]
文件记录-2018-09-03 09:27:02 [main] INFO  o.s.j.e.a.AnnotationMBeanExporter - Registering beans for JMX exposure on startup
文件记录-2018-09-03 09:27:02 [main] INFO  o.a.coyote.http11.Http11NioProtocol - Starting ProtocolHandler ["http-nio-8081"]
文件记录-2018-09-03 09:27:02 [main] ERROR o.a.catalina.core.StandardService - Failed to start connector [Connector[HTTP/1.1-8081]]
org.apache.catalina.LifecycleException: Failed to start component [Connector[HTTP/1.1-8081]]
	at org.apache.catalina.util.LifecycleBase.start(LifecycleBase.java:167)
	at org.apache.catalina.core.StandardService.addConnector(StandardService.java:225)
	at org.springframework.boot.context.embedded.tomcat.TomcatEmbeddedServletContainer.addPreviouslyRemovedConnectors(TomcatEmbeddedServletContainer.java:265)
	at org.springframework.boot.context.embedded.tomcat.TomcatEmbeddedServletContainer.start(TomcatEmbeddedServletContainer.java:208)
	at org.springframework.boot.context.embedded.EmbeddedWebApplicationContext.startEmbeddedServletContainer(EmbeddedWebApplicationContext.java:297)
	at org.springframework.boot.context.embedded.EmbeddedWebApplicationContext.finishRefresh(EmbeddedWebApplicationContext.java:145)
	at org.springframework.context.support.AbstractApplicationContext.refresh(AbstractApplicationContext.java:546)
	at org.springframework.boot.context.embedded.EmbeddedWebApplicationContext.refresh(EmbeddedWebApplicationContext.java:122)
	at org.springframework.boot.SpringApplication.refresh(SpringApplication.java:693)
	at org.springframework.boot.SpringApplication.refreshContext(SpringApplication.java:360)
	at org.springframework.boot.SpringApplication.run(SpringApplication.java:303)
	at org.springframework.boot.SpringApplication.run(SpringApplication.java:1118)
	at org.springframework.boot.SpringApplication.run(SpringApplication.java:1107)
	at com.example.Application.main(Application.java:16)
Caused by: org.apache.catalina.LifecycleException: Protocol handler start failed
	at org.apache.catalina.connector.Connector.startInternal(Connector.java:1020)
	at org.apache.catalina.util.LifecycleBase.start(LifecycleBase.java:150)
	... 13 common frames omitted
Caused by: java.net.BindException: Address already in use: bind
	at sun.nio.ch.Net.bind0(Native Method)
	at sun.nio.ch.Net.bind(Net.java:433)
	at sun.nio.ch.Net.bind(Net.java:425)
	at sun.nio.ch.ServerSocketChannelImpl.bind(ServerSocketChannelImpl.java:223)
	at sun.nio.ch.ServerSocketAdaptor.bind(ServerSocketAdaptor.java:74)
	at org.apache.tomcat.util.net.NioEndpoint.bind(NioEndpoint.java:210)
	at org.apache.tomcat.util.net.AbstractEndpoint.start(AbstractEndpoint.java:1150)
	at org.apache.coyote.AbstractProtocol.start(AbstractProtocol.java:591)
	at org.apache.catalina.connector.Connector.startInternal(Connector.java:1018)
	... 14 common frames omitted
文件记录-2018-09-03 09:27:02 [main] INFO  o.a.coyote.http11.Http11NioProtocol - Pausing ProtocolHandler ["http-nio-8081"]
文件记录-2018-09-03 09:27:02 [main] INFO  o.a.catalina.core.StandardService - Stopping service [Tomcat]
文件记录-2018-09-03 09:27:02 [localhost-startStop-1] INFO  com.example.filter.CustomFilter - 销毁请求
文件记录-2018-09-03 09:27:02 [main] INFO  o.apache.catalina.util.LifecycleBase - The stop() method was called on component [StandardServer[-1]] after stop() had already been called. The second call will be ignored.
文件记录-2018-09-03 09:27:02 [main] INFO  o.a.coyote.http11.Http11NioProtocol - Stopping ProtocolHandler ["http-nio-8081"]
文件记录-2018-09-03 09:27:02 [main] INFO  o.a.coyote.http11.Http11NioProtocol - Destroying ProtocolHandler ["http-nio-8081"]
文件记录-2018-09-03 09:27:02 [main] INFO  o.s.b.a.l.AutoConfigurationReportLoggingInitializer - 

Error starting ApplicationContext. To display the auto-configuration report re-run your application with 'debug' enabled.
文件记录-2018-09-03 09:27:02 [main] ERROR o.s.b.d.LoggingFailureAnalysisReporter - 

***************************
APPLICATION FAILED TO START
***************************

Description:

The Tomcat connector configured to listen on port 8081 failed to start. The port may already be in use or the connector may be misconfigured.

Action:

Verify the connector's configuration, identify and stop any process that's listening on port 8081, or configure this application to listen on another port.

文件记录-2018-09-03 09:27:02 [main] INFO  o.s.b.c.e.AnnotationConfigEmbeddedWebApplicationContext - Closing org.springframework.boot.context.embedded.AnnotationConfigEmbeddedWebApplicationContext@6b53e23f: startup date [Mon Sep 03 09:27:01 CST 2018]; root of context hierarchy
文件记录-2018-09-03 09:27:02 [main] INFO  o.s.j.e.a.AnnotationMBeanExporter - Unregistering JMX-exposed beans on shutdown
文件记录-2018-09-03 09:27:51 [main] INFO  com.example.Application - Starting Application on WIN-PIJ0M0JTUTE with PID 9128 (E:\IDEAworkplace\springBoot\target\classes started by Administrator in E:\IDEAworkplace\springBoot)
文件记录-2018-09-03 09:27:51 [main] INFO  com.example.Application - The following profiles are active: test
文件记录-2018-09-03 09:27:51 [main] INFO  o.s.b.c.e.AnnotationConfigEmbeddedWebApplicationContext - Refreshing org.springframework.boot.context.embedded.AnnotationConfigEmbeddedWebApplicationContext@6b53e23f: startup date [Mon Sep 03 09:27:51 CST 2018]; root of context hierarchy
文件记录-2018-09-03 09:27:52 [background-preinit] INFO  o.h.validator.internal.util.Version - HV000001: Hibernate Validator 5.3.6.Final
文件记录-2018-09-03 09:27:52 [main] INFO  o.s.b.c.e.t.TomcatEmbeddedServletContainer - Tomcat initialized with port(s): 8081 (http)
文件记录-2018-09-03 09:27:52 [main] INFO  o.a.coyote.http11.Http11NioProtocol - Initializing ProtocolHandler ["http-nio-8081"]
文件记录-2018-09-03 09:27:52 [main] INFO  o.a.catalina.core.StandardService - Starting service [Tomcat]
文件记录-2018-09-03 09:27:52 [main] INFO  o.a.catalina.core.StandardEngine - Starting Servlet Engine: Apache Tomcat/8.5.32
文件记录-2018-09-03 09:27:52 [localhost-startStop-1] INFO  o.a.c.c.C.[.[localhost].[/chapter] - Initializing Spring embedded WebApplicationContext
文件记录-2018-09-03 09:27:52 [localhost-startStop-1] INFO  o.s.web.context.ContextLoader - Root WebApplicationContext: initialization completed in 903 ms
文件记录-2018-09-03 09:27:52 [localhost-startStop-1] INFO  o.s.b.w.s.ServletRegistrationBean - Mapping servlet: 'dispatcherServlet' to [/]
文件记录-2018-09-03 09:27:52 [localhost-startStop-1] INFO  o.s.b.w.s.FilterRegistrationBean - Mapping filter: 'characterEncodingFilter' to: [/*]
文件记录-2018-09-03 09:27:52 [localhost-startStop-1] INFO  o.s.b.w.s.FilterRegistrationBean - Mapping filter: 'hiddenHttpMethodFilter' to: [/*]
文件记录-2018-09-03 09:27:52 [localhost-startStop-1] INFO  o.s.b.w.s.FilterRegistrationBean - Mapping filter: 'httpPutFormContentFilter' to: [/*]
文件记录-2018-09-03 09:27:52 [localhost-startStop-1] INFO  o.s.b.w.s.FilterRegistrationBean - Mapping filter: 'requestContextFilter' to: [/*]
文件记录-2018-09-03 09:27:52 [localhost-startStop-1] INFO  o.s.b.w.s.FilterRegistrationBean - Mapping filter: 'customFilter' to urls: [/*]
文件记录-2018-09-03 09:27:52 [localhost-startStop-1] INFO  com.example.filter.CustomFilter - filter 初始化
文件记录-2018-09-03 09:27:53 [main] INFO  o.s.w.s.m.m.a.RequestMappingHandlerAdapter - Looking for @ControllerAdvice: org.springframework.boot.context.embedded.AnnotationConfigEmbeddedWebApplicationContext@6b53e23f: startup date [Mon Sep 03 09:27:51 CST 2018]; root of context hierarchy
文件记录-2018-09-03 09:27:53 [main] INFO  o.s.w.s.m.m.a.RequestMappingHandlerMapping - Mapped "{[/getName],methods=[GET]}" onto public java.lang.String com.example.controller.hello.getName()
文件记录-2018-09-03 09:27:53 [main] INFO  o.s.w.s.m.m.a.RequestMappingHandlerMapping - Mapped "{[/getConfig],methods=[GET]}" onto public com.example.pojo.Config com.example.controller.hello.getConfig()
文件记录-2018-09-03 09:27:53 [main] INFO  o.s.w.s.m.m.a.RequestMappingHandlerMapping - Mapped "{[/demo],methods=[GET]}" onto public java.lang.String com.example.controller.hello.say()
文件记录-2018-09-03 09:27:53 [main] INFO  o.s.w.s.m.m.a.RequestMappingHandlerMapping - Mapped "{[/getcode],methods=[GET]}" onto public com.example.pojo.Code com.example.controller.hello.getCode()
文件记录-2018-09-03 09:27:53 [main] INFO  o.s.w.s.m.m.a.RequestMappingHandlerMapping - Mapped "{[/getUser],methods=[GET]}" onto public com.example.pojo.User com.example.controller.hello.getUser()
文件记录-2018-09-03 09:27:53 [main] INFO  o.s.w.s.m.m.a.RequestMappingHandlerMapping - Mapped "{[/error]}" onto public org.springframework.http.ResponseEntity<java.util.Map<java.lang.String, java.lang.Object>> org.springframework.boot.autoconfigure.web.BasicErrorController.error(javax.servlet.http.HttpServletRequest)
文件记录-2018-09-03 09:27:53 [main] INFO  o.s.w.s.m.m.a.RequestMappingHandlerMapping - Mapped "{[/error],produces=[text/html]}" onto public org.springframework.web.servlet.ModelAndView org.springframework.boot.autoconfigure.web.BasicErrorController.errorHtml(javax.servlet.http.HttpServletRequest,javax.servlet.http.HttpServletResponse)
文件记录-2018-09-03 09:27:53 [main] INFO  o.s.w.s.h.SimpleUrlHandlerMapping - Mapped URL path [/webjars/**] onto handler of type [class org.springframework.web.servlet.resource.ResourceHttpRequestHandler]
文件记录-2018-09-03 09:27:53 [main] INFO  o.s.w.s.h.SimpleUrlHandlerMapping - Mapped URL path [/**] onto handler of type [class org.springframework.web.servlet.resource.ResourceHttpRequestHandler]
文件记录-2018-09-03 09:27:53 [main] INFO  o.s.w.s.m.m.a.ExceptionHandlerExceptionResolver - Detected @ExceptionHandler methods in commonExceptionHandler
文件记录-2018-09-03 09:27:53 [main] INFO  o.s.w.s.h.SimpleUrlHandlerMapping - Mapped URL path [/**/favicon.ico] onto handler of type [class org.springframework.web.servlet.resource.ResourceHttpRequestHandler]
文件记录-2018-09-03 09:27:53 [main] INFO  o.s.j.e.a.AnnotationMBeanExporter - Registering beans for JMX exposure on startup
文件记录-2018-09-03 09:27:53 [main] INFO  o.a.coyote.http11.Http11NioProtocol - Starting ProtocolHandler ["http-nio-8081"]
文件记录-2018-09-03 09:27:53 [main] ERROR o.a.catalina.core.StandardService - Failed to start connector [Connector[HTTP/1.1-8081]]
org.apache.catalina.LifecycleException: Failed to start component [Connector[HTTP/1.1-8081]]
	at org.apache.catalina.util.LifecycleBase.start(LifecycleBase.java:167)
	at org.apache.catalina.core.StandardService.addConnector(StandardService.java:225)
	at org.springframework.boot.context.embedded.tomcat.TomcatEmbeddedServletContainer.addPreviouslyRemovedConnectors(TomcatEmbeddedServletContainer.java:265)
	at org.springframework.boot.context.embedded.tomcat.TomcatEmbeddedServletContainer.start(TomcatEmbeddedServletContainer.java:208)
	at org.springframework.boot.context.embedded.EmbeddedWebApplicationContext.startEmbeddedServletContainer(EmbeddedWebApplicationContext.java:297)
	at org.springframework.boot.context.embedded.EmbeddedWebApplicationContext.finishRefresh(EmbeddedWebApplicationContext.java:145)
	at org.springframework.context.support.AbstractApplicationContext.refresh(AbstractApplicationContext.java:546)
	at org.springframework.boot.context.embedded.EmbeddedWebApplicationContext.refresh(EmbeddedWebApplicationContext.java:122)
	at org.springframework.boot.SpringApplication.refresh(SpringApplication.java:693)
	at org.springframework.boot.SpringApplication.refreshContext(SpringApplication.java:360)
	at org.springframework.boot.SpringApplication.run(SpringApplication.java:303)
	at org.springframework.boot.SpringApplication.run(SpringApplication.java:1118)
	at org.springframework.boot.SpringApplication.run(SpringApplication.java:1107)
	at com.example.Application.main(Application.java:16)
Caused by: org.apache.catalina.LifecycleException: Protocol handler start failed
	at org.apache.catalina.connector.Connector.startInternal(Connector.java:1020)
	at org.apache.catalina.util.LifecycleBase.start(LifecycleBase.java:150)
	... 13 common frames omitted
Caused by: java.net.BindException: Address already in use: bind
	at sun.nio.ch.Net.bind0(Native Method)
	at sun.nio.ch.Net.bind(Net.java:433)
	at sun.nio.ch.Net.bind(Net.java:425)
	at sun.nio.ch.ServerSocketChannelImpl.bind(ServerSocketChannelImpl.java:223)
	at sun.nio.ch.ServerSocketAdaptor.bind(ServerSocketAdaptor.java:74)
	at org.apache.tomcat.util.net.NioEndpoint.bind(NioEndpoint.java:210)
	at org.apache.tomcat.util.net.AbstractEndpoint.start(AbstractEndpoint.java:1150)
	at org.apache.coyote.AbstractProtocol.start(AbstractProtocol.java:591)
	at org.apache.catalina.connector.Connector.startInternal(Connector.java:1018)
	... 14 common frames omitted
文件记录-2018-09-03 09:27:53 [main] INFO  o.a.coyote.http11.Http11NioProtocol - Pausing ProtocolHandler ["http-nio-8081"]
文件记录-2018-09-03 09:27:53 [main] INFO  o.a.catalina.core.StandardService - Stopping service [Tomcat]
文件记录-2018-09-03 09:27:53 [localhost-startStop-1] INFO  com.example.filter.CustomFilter - 销毁请求
文件记录-2018-09-03 09:27:53 [main] INFO  o.apache.catalina.util.LifecycleBase - The stop() method was called on component [StandardServer[-1]] after stop() had already been called. The second call will be ignored.
文件记录-2018-09-03 09:27:53 [main] INFO  o.a.coyote.http11.Http11NioProtocol - Stopping ProtocolHandler ["http-nio-8081"]
文件记录-2018-09-03 09:27:53 [main] INFO  o.a.coyote.http11.Http11NioProtocol - Destroying ProtocolHandler ["http-nio-8081"]
文件记录-2018-09-03 09:27:53 [main] INFO  o.s.b.a.l.AutoConfigurationReportLoggingInitializer - 

Error starting ApplicationContext. To display the auto-configuration report re-run your application with 'debug' enabled.
文件记录-2018-09-03 09:27:53 [main] ERROR o.s.b.d.LoggingFailureAnalysisReporter - 

***************************
APPLICATION FAILED TO START
***************************

Description:

The Tomcat connector configured to listen on port 8081 failed to start. The port may already be in use or the connector may be misconfigured.

Action:

Verify the connector's configuration, identify and stop any process that's listening on port 8081, or configure this application to listen on another port.

文件记录-2018-09-03 09:27:53 [main] INFO  o.s.b.c.e.AnnotationConfigEmbeddedWebApplicationContext - Closing org.springframework.boot.context.embedded.AnnotationConfigEmbeddedWebApplicationContext@6b53e23f: startup date [Mon Sep 03 09:27:51 CST 2018]; root of context hierarchy
文件记录-2018-09-03 09:27:53 [main] INFO  o.s.j.e.a.AnnotationMBeanExporter - Unregistering JMX-exposed beans on shutdown
